{"F:\\云\\v0.1.2offix\\OFFIX\\OFFIX_NODE_JS-0.1.1\\src\\App.vue": {"path":"F:\\云\\v0.1.2offix\\OFFIX\\OFFIX_NODE_JS-0.1.1\\src\\App.vue","statementMap":{"0":{"start":{"line":1,"column":1},"end":{"line":17,"column":4}},"1":{"start":{"line":4,"column":0},"end":{"line":6,"column":3}},"2":{"start":{"line":14,"column":0},"end":{"line":16,"column":2}},"3":{"start":{"line":18,"column":0},"end":{"line":18,"column":70}},"4":{"start":{"line":18,"column":31},"end":{"line":18,"column":70}},"5":{"start":{"line":19,"column":24},"end":{"line":19,"column":100}},"6":{"start":{"line":20,"column":0},"end":{"line":20,"column":169}},"7":{"start":{"line":20,"column":54},"end":{"line":20,"column":58}},"8":{"start":{"line":20,"column":66},"end":{"line":20,"column":84}},"9":{"start":{"line":20,"column":92},"end":{"line":20,"column":108}},"10":{"start":{"line":20,"column":109},"end":{"line":20,"column":168}},"11":{"start":{"line":21,"column":0},"end":{"line":21,"column":37}}},"fnMap":{"0":{"name":"(anonymous_0)","decl":{"start":{"line":1,"column":2},"end":{"line":1,"column":3}},"loc":{"start":{"line":1,"column":12},"end":{"line":17,"column":1}},"line":1},"1":{"name":"render","decl":{"start":{"line":20,"column":35},"end":{"line":20,"column":41}},"loc":{"start":{"line":20,"column":45},"end":{"line":20,"column":169}},"line":20}},"branchMap":{"0":{"loc":{"start":{"line":18,"column":0},"end":{"line":18,"column":70}},"type":"if","locations":[{"start":{"line":18,"column":0},"end":{"line":18,"column":70}},{"start":{"line":18,"column":0},"end":{"line":18,"column":70}}],"line":18},"1":{"loc":{"start":{"line":19,"column":24},"end":{"line":19,"column":100}},"type":"cond-expr","locations":[{"start":{"line":19,"column":62},"end":{"line":19,"column":84}},{"start":{"line":19,"column":86},"end":{"line":19,"column":100}}],"line":19},"2":{"loc":{"start":{"line":20,"column":92},"end":{"line":20,"column":108}},"type":"binary-expr","locations":[{"start":{"line":20,"column":92},"end":{"line":20,"column":104}},{"start":{"line":20,"column":106},"end":{"line":20,"column":108}}],"line":20}},"s":{"0":0,"1":0,"2":0,"3":0,"4":0,"5":0,"6":0,"7":0,"8":0,"9":0,"10":0,"11":0},"f":{"0":0,"1":0},"b":{"0":[0,0],"1":[0,0],"2":[0,0]}}
,"F:\\云\\v0.1.2offix\\OFFIX\\OFFIX_NODE_JS-0.1.1\\src\\api\\api.js": {"path":"F:\\云\\v0.1.2offix\\OFFIX\\OFFIX_NODE_JS-0.1.1\\src\\api\\api.js","statementMap":{},"fnMap":{},"branchMap":{},"s":{},"f":{},"b":{}}
,"F:\\云\\v0.1.2offix\\OFFIX\\OFFIX_NODE_JS-0.1.1\\src\\api\\cookie.js": {"path":"F:\\云\\v0.1.2offix\\OFFIX\\OFFIX_NODE_JS-0.1.1\\src\\api\\cookie.js","statementMap":{"0":{"start":{"line":1,"column":13},"end":{"line":1,"column":75}},"1":{"start":{"line":1,"column":75},"end":{"line":1,"column":105}},"2":{"start":{"line":1,"column":105},"end":{"line":7,"column":22}},"3":{"start":{"line":7,"column":22},"end":{"line":21,"column":22}},"4":{"start":{"line":21,"column":76},"end":{"line":21,"column":86}},"5":{"start":{"line":21,"column":87},"end":{"line":21,"column":131}},"6":{"start":{"line":21,"column":131},"end":{"line":21,"column":214}},"7":{"start":{"line":21,"column":256},"end":{"line":21,"column":558}},"8":{"start":{"line":21,"column":303},"end":{"line":21,"column":340}},"9":{"start":{"line":21,"column":341},"end":{"line":21,"column":557}},"10":{"start":{"line":21,"column":361},"end":{"line":21,"column":399}},"11":{"start":{"line":21,"column":411},"end":{"line":21,"column":448}},"12":{"start":{"line":21,"column":449},"end":{"line":21,"column":497}},"13":{"start":{"line":21,"column":466},"end":{"line":21,"column":497}},"14":{"start":{"line":21,"column":497},"end":{"line":21,"column":556}},"15":{"start":{"line":21,"column":558},"end":{"line":21,"column":568}},"16":{"start":{"line":22,"column":2},"end":{"line":22,"column":28}}},"fnMap":{"0":{"name":"setCookie","decl":{"start":{"line":21,"column":31},"end":{"line":21,"column":40}},"loc":{"start":{"line":21,"column":64},"end":{"line":21,"column":215}},"line":21},"1":{"name":"getCookie","decl":{"start":{"line":21,"column":237},"end":{"line":21,"column":246}},"loc":{"start":{"line":21,"column":255},"end":{"line":21,"column":569}},"line":21},"2":{"name":"delCookie","decl":{"start":{"line":21,"column":591},"end":{"line":21,"column":600}},"loc":{"start":{"line":21,"column":609},"end":{"line":23,"column":1}},"line":21}},"branchMap":{"0":{"loc":{"start":{"line":21,"column":256},"end":{"line":21,"column":558}},"type":"if","locations":[{"start":{"line":21,"column":256},"end":{"line":21,"column":558}},{"start":{"line":21,"column":256},"end":{"line":21,"column":558}}],"line":21},"1":{"loc":{"start":{"line":21,"column":341},"end":{"line":21,"column":557}},"type":"if","locations":[{"start":{"line":21,"column":341},"end":{"line":21,"column":557}},{"start":{"line":21,"column":341},"end":{"line":21,"column":557}}],"line":21},"2":{"loc":{"start":{"line":21,"column":449},"end":{"line":21,"column":497}},"type":"if","locations":[{"start":{"line":21,"column":449},"end":{"line":21,"column":497}},{"start":{"line":21,"column":449},"end":{"line":21,"column":497}}],"line":21}},"s":{"0":0,"1":0,"2":0,"3":0,"4":0,"5":0,"6":0,"7":0,"8":0,"9":0,"10":0,"11":0,"12":0,"13":0,"14":0,"15":0,"16":0},"f":{"0":0,"1":0,"2":0},"b":{"0":[0,0],"1":[0,0],"2":[0,0]}}
,"F:\\云\\v0.1.2offix\\OFFIX\\OFFIX_NODE_JS-0.1.1\\src\\api\\utils.js": {"path":"F:\\云\\v0.1.2offix\\OFFIX\\OFFIX_NODE_JS-0.1.1\\src\\api\\utils.js","statementMap":{"0":{"start":{"line":1,"column":13},"end":{"line":1,"column":75}},"1":{"start":{"line":1,"column":90},"end":{"line":1,"column":92}},"2":{"start":{"line":2,"column":0},"end":{"line":72,"column":2}},"3":{"start":{"line":5,"column":2},"end":{"line":7,"column":3}},"4":{"start":{"line":6,"column":3},"end":{"line":6,"column":19}},"5":{"start":{"line":8,"column":2},"end":{"line":12,"column":17}},"6":{"start":{"line":19,"column":1},"end":{"line":45,"column":3}},"7":{"start":{"line":20,"column":2},"end":{"line":32,"column":3}},"8":{"start":{"line":21,"column":3},"end":{"line":31,"column":6}},"9":{"start":{"line":30,"column":4},"end":{"line":30,"column":20}},"10":{"start":{"line":33,"column":2},"end":{"line":44,"column":3}},"11":{"start":{"line":34,"column":3},"end":{"line":43,"column":6}},"12":{"start":{"line":42,"column":4},"end":{"line":42,"column":20}},"13":{"start":{"line":49,"column":1},"end":{"line":70,"column":3}},"14":{"start":{"line":50,"column":12},"end":{"line":50,"column":14}},"15":{"start":{"line":52,"column":13},"end":{"line":52,"column":29}},"16":{"start":{"line":54,"column":14},"end":{"line":54,"column":31}},"17":{"start":{"line":56,"column":12},"end":{"line":56,"column":24}},"18":{"start":{"line":58,"column":13},"end":{"line":58,"column":26}},"19":{"start":{"line":60,"column":12},"end":{"line":60,"column":27}},"20":{"start":{"line":62,"column":12},"end":{"line":62,"column":27}},"21":{"start":{"line":63,"column":2},"end":{"line":63,"column":43}},"22":{"start":{"line":64,"column":2},"end":{"line":64,"column":35}},"23":{"start":{"line":65,"column":2},"end":{"line":65,"column":39}},"24":{"start":{"line":66,"column":2},"end":{"line":66,"column":35}},"25":{"start":{"line":67,"column":2},"end":{"line":67,"column":35}},"26":{"start":{"line":68,"column":2},"end":{"line":68,"column":76}},"27":{"start":{"line":69,"column":2},"end":{"line":69,"column":13}},"28":{"start":{"line":72,"column":2},"end":{"line":73,"column":9}}},"fnMap":{"0":{"name":"(anonymous_0)","decl":{"start":{"line":2,"column":19},"end":{"line":2,"column":20}},"loc":{"start":{"line":2,"column":43},"end":{"line":72,"column":1}},"line":2},"1":{"name":"checkStatus","decl":{"start":{"line":3,"column":10},"end":{"line":3,"column":21}},"loc":{"start":{"line":3,"column":32},"end":{"line":15,"column":2}},"line":3},"2":{"name":"(anonymous_2)","decl":{"start":{"line":19,"column":23},"end":{"line":19,"column":24}},"loc":{"start":{"line":19,"column":50},"end":{"line":45,"column":2}},"line":19},"3":{"name":"(anonymous_3)","decl":{"start":{"line":29,"column":8},"end":{"line":29,"column":9}},"loc":{"start":{"line":29,"column":23},"end":{"line":31,"column":4}},"line":29},"4":{"name":"(anonymous_4)","decl":{"start":{"line":41,"column":8},"end":{"line":41,"column":9}},"loc":{"start":{"line":41,"column":23},"end":{"line":43,"column":4}},"line":41},"5":{"name":"(anonymous_5)","decl":{"start":{"line":49,"column":24},"end":{"line":49,"column":25}},"loc":{"start":{"line":49,"column":38},"end":{"line":70,"column":2}},"line":49}},"branchMap":{"0":{"loc":{"start":{"line":5,"column":2},"end":{"line":7,"column":3}},"type":"if","locations":[{"start":{"line":5,"column":2},"end":{"line":7,"column":3}},{"start":{"line":5,"column":2},"end":{"line":7,"column":3}}],"line":5},"1":{"loc":{"start":{"line":5,"column":6},"end":{"line":5,"column":56}},"type":"binary-expr","locations":[{"start":{"line":5,"column":6},"end":{"line":5,"column":29}},{"start":{"line":5,"column":33},"end":{"line":5,"column":56}}],"line":5},"2":{"loc":{"start":{"line":20,"column":2},"end":{"line":32,"column":3}},"type":"if","locations":[{"start":{"line":20,"column":2},"end":{"line":32,"column":3}},{"start":{"line":20,"column":2},"end":{"line":32,"column":3}}],"line":20},"3":{"loc":{"start":{"line":23,"column":9},"end":{"line":23,"column":68}},"type":"cond-expr","locations":[{"start":{"line":23,"column":27},"end":{"line":23,"column":38}},{"start":{"line":23,"column":41},"end":{"line":23,"column":68}}],"line":23},"4":{"loc":{"start":{"line":27,"column":21},"end":{"line":27,"column":127}},"type":"cond-expr","locations":[{"start":{"line":27,"column":39},"end":{"line":27,"column":74}},{"start":{"line":27,"column":77},"end":{"line":27,"column":127}}],"line":27},"5":{"loc":{"start":{"line":33,"column":2},"end":{"line":44,"column":3}},"type":"if","locations":[{"start":{"line":33,"column":2},"end":{"line":44,"column":3}},{"start":{"line":33,"column":2},"end":{"line":44,"column":3}}],"line":33},"6":{"loc":{"start":{"line":63,"column":10},"end":{"line":63,"column":42}},"type":"cond-expr","locations":[{"start":{"line":63,"column":23},"end":{"line":63,"column":34}},{"start":{"line":63,"column":37},"end":{"line":63,"column":42}}],"line":63},"7":{"loc":{"start":{"line":64,"column":8},"end":{"line":64,"column":34}},"type":"cond-expr","locations":[{"start":{"line":64,"column":19},"end":{"line":64,"column":28}},{"start":{"line":64,"column":31},"end":{"line":64,"column":34}}],"line":64},"8":{"loc":{"start":{"line":65,"column":9},"end":{"line":65,"column":38}},"type":"cond-expr","locations":[{"start":{"line":65,"column":21},"end":{"line":65,"column":31}},{"start":{"line":65,"column":34},"end":{"line":65,"column":38}}],"line":65},"9":{"loc":{"start":{"line":66,"column":8},"end":{"line":66,"column":34}},"type":"cond-expr","locations":[{"start":{"line":66,"column":19},"end":{"line":66,"column":28}},{"start":{"line":66,"column":31},"end":{"line":66,"column":34}}],"line":66},"10":{"loc":{"start":{"line":67,"column":8},"end":{"line":67,"column":34}},"type":"cond-expr","locations":[{"start":{"line":67,"column":19},"end":{"line":67,"column":28}},{"start":{"line":67,"column":31},"end":{"line":67,"column":34}}],"line":67}},"s":{"0":0,"1":0,"2":0,"3":0,"4":0,"5":0,"6":0,"7":0,"8":0,"9":0,"10":0,"11":0,"12":0,"13":0,"14":0,"15":0,"16":0,"17":0,"18":0,"19":0,"20":0,"21":0,"22":0,"23":0,"24":0,"25":0,"26":0,"27":0,"28":0},"f":{"0":0,"1":0,"2":0,"3":0,"4":0,"5":0},"b":{"0":[0,0],"1":[0,0],"2":[0,0],"3":[0,0],"4":[0,0],"5":[0,0],"6":[0,0],"7":[0,0],"8":[0,0],"9":[0,0],"10":[0,0]}}
,"F:\\云\\v0.1.2offix\\OFFIX\\OFFIX_NODE_JS-0.1.1\\src\\assets\\iconFont\\iconfont.js": {"path":"F:\\云\\v0.1.2offix\\OFFIX\\OFFIX_NODE_JS-0.1.1\\src\\assets\\iconFont\\iconfont.js","statementMap":{"0":{"start":{"line":1,"column":13},"end":{"line":1,"column":22028}},"1":{"start":{"line":1,"column":49},"end":{"line":1,"column":20204}},"2":{"start":{"line":1,"column":20218},"end":{"line":1,"column":20323}},"3":{"start":{"line":1,"column":20245},"end":{"line":1,"column":20284}},"4":{"start":{"line":1,"column":20285},"end":{"line":1,"column":20320}},"5":{"start":{"line":1,"column":20346},"end":{"line":1,"column":20383}},"6":{"start":{"line":1,"column":20396},"end":{"line":1,"column":21144}},"7":{"start":{"line":1,"column":20416},"end":{"line":1,"column":20776}},"8":{"start":{"line":1,"column":20448},"end":{"line":1,"column":20713}},"9":{"start":{"line":1,"column":20522},"end":{"line":1,"column":20540}},"10":{"start":{"line":1,"column":20561},"end":{"line":1,"column":20650}},"11":{"start":{"line":1,"column":20580},"end":{"line":1,"column":20644}},"12":{"start":{"line":1,"column":20644},"end":{"line":1,"column":20649}},"13":{"start":{"line":1,"column":20651},"end":{"line":1,"column":20712}},"14":{"start":{"line":1,"column":20720},"end":{"line":1,"column":20776}},"15":{"start":{"line":1,"column":20747},"end":{"line":1,"column":20775}},"16":{"start":{"line":1,"column":20817},"end":{"line":1,"column":20827}},"17":{"start":{"line":1,"column":20835},"end":{"line":1,"column":20840}},"18":{"start":{"line":1,"column":20848},"end":{"line":1,"column":20896}},"19":{"start":{"line":1,"column":20865},"end":{"line":1,"column":20895}},"20":{"start":{"line":1,"column":20877},"end":{"line":1,"column":20889}},"21":{"start":{"line":1,"column":20889},"end":{"line":1,"column":20894}},"22":{"start":{"line":1,"column":20911},"end":{"line":1,"column":21024}},"23":{"start":{"line":1,"column":20931},"end":{"line":1,"column":21016}},"24":{"start":{"line":1,"column":20936},"end":{"line":1,"column":20971}},"25":{"start":{"line":1,"column":20984},"end":{"line":1,"column":21008}},"26":{"start":{"line":1,"column":21008},"end":{"line":1,"column":21015}},"27":{"start":{"line":1,"column":21016},"end":{"line":1,"column":21023}},"28":{"start":{"line":1,"column":21025},"end":{"line":1,"column":21035}},"29":{"start":{"line":1,"column":21035},"end":{"line":1,"column":21142}},"30":{"start":{"line":1,"column":21071},"end":{"line":1,"column":21140}},"31":{"start":{"line":1,"column":21104},"end":{"line":1,"column":21132}},"32":{"start":{"line":1,"column":21132},"end":{"line":1,"column":21139}},"33":{"start":{"line":1,"column":21158},"end":{"line":1,"column":21231}},"34":{"start":{"line":1,"column":21187},"end":{"line":1,"column":21230}},"35":{"start":{"line":1,"column":21246},"end":{"line":1,"column":21363}},"36":{"start":{"line":1,"column":21276},"end":{"line":1,"column":21362}},"37":{"start":{"line":1,"column":21300},"end":{"line":1,"column":21330}},"38":{"start":{"line":1,"column":21338},"end":{"line":1,"column":21361}},"39":{"start":{"line":1,"column":21399},"end":{"line":1,"column":21435}},"40":{"start":{"line":1,"column":21435},"end":{"line":1,"column":21461}},"41":{"start":{"line":1,"column":21461},"end":{"line":1,"column":21478}},"42":{"start":{"line":1,"column":21478},"end":{"line":1,"column":21519}},"43":{"start":{"line":1,"column":21519},"end":{"line":1,"column":21701}},"44":{"start":{"line":1,"column":21529},"end":{"line":1,"column":21569}},"45":{"start":{"line":1,"column":21569},"end":{"line":1,"column":21601}},"46":{"start":{"line":1,"column":21601},"end":{"line":1,"column":21621}},"47":{"start":{"line":1,"column":21621},"end":{"line":1,"column":21642}},"48":{"start":{"line":1,"column":21642},"end":{"line":1,"column":21672}},"49":{"start":{"line":1,"column":21672},"end":{"line":1,"column":21700}},"50":{"start":{"line":1,"column":21702},"end":{"line":1,"column":22000}},"51":{"start":{"line":1,"column":21764},"end":{"line":1,"column":21807}},"52":{"start":{"line":1,"column":21807},"end":{"line":1,"column":21999}},"53":{"start":{"line":1,"column":21812},"end":{"line":1,"column":21959}},"54":{"start":{"line":1,"column":21972},"end":{"line":1,"column":21998}},"55":{"start":{"line":1,"column":22000},"end":{"line":1,"column":22017}}},"fnMap":{"0":{"name":"(anonymous_0)","decl":{"start":{"line":1,"column":14},"end":{"line":1,"column":15}},"loc":{"start":{"line":1,"column":32},"end":{"line":1,"column":22018}},"line":1},"1":{"name":"(anonymous_1)","decl":{"start":{"line":1,"column":20218},"end":{"line":1,"column":20219}},"loc":{"start":{"line":1,"column":20230},"end":{"line":1,"column":20321}},"line":1},"2":{"name":"ready","decl":{"start":{"line":1,"column":20405},"end":{"line":1,"column":20410}},"loc":{"start":{"line":1,"column":20415},"end":{"line":1,"column":21144}},"line":1},"3":{"name":"loadFn","decl":{"start":{"line":1,"column":20570},"end":{"line":1,"column":20576}},"loc":{"start":{"line":1,"column":20579},"end":{"line":1,"column":20650}},"line":1},"4":{"name":"IEContentLoaded","decl":{"start":{"line":1,"column":20785},"end":{"line":1,"column":20800}},"loc":{"start":{"line":1,"column":20808},"end":{"line":1,"column":21143}},"line":1},"5":{"name":"init","decl":{"start":{"line":1,"column":20857},"end":{"line":1,"column":20861}},"loc":{"start":{"line":1,"column":20864},"end":{"line":1,"column":20896}},"line":1},"6":{"name":"polling","decl":{"start":{"line":1,"column":20920},"end":{"line":1,"column":20927}},"loc":{"start":{"line":1,"column":20930},"end":{"line":1,"column":21024}},"line":1},"7":{"name":"(anonymous_7)","decl":{"start":{"line":1,"column":21058},"end":{"line":1,"column":21059}},"loc":{"start":{"line":1,"column":21070},"end":{"line":1,"column":21141}},"line":1},"8":{"name":"before","decl":{"start":{"line":1,"column":21167},"end":{"line":1,"column":21173}},"loc":{"start":{"line":1,"column":21186},"end":{"line":1,"column":21231}},"line":1},"9":{"name":"prepend","decl":{"start":{"line":1,"column":21255},"end":{"line":1,"column":21262}},"loc":{"start":{"line":1,"column":21275},"end":{"line":1,"column":21363}},"line":1},"10":{"name":"appendSvg","decl":{"start":{"line":1,"column":21373},"end":{"line":1,"column":21382}},"loc":{"start":{"line":1,"column":21385},"end":{"line":1,"column":21702}},"line":1}},"branchMap":{"0":{"loc":{"start":{"line":1,"column":20416},"end":{"line":1,"column":20776}},"type":"if","locations":[{"start":{"line":1,"column":20416},"end":{"line":1,"column":20776}},{"start":{"line":1,"column":20416},"end":{"line":1,"column":20776}}],"line":1},"1":{"loc":{"start":{"line":1,"column":20448},"end":{"line":1,"column":20713}},"type":"if","locations":[{"start":{"line":1,"column":20448},"end":{"line":1,"column":20713}},{"start":{"line":1,"column":20448},"end":{"line":1,"column":20713}}],"line":1},"2":{"loc":{"start":{"line":1,"column":20720},"end":{"line":1,"column":20776}},"type":"if","locations":[{"start":{"line":1,"column":20720},"end":{"line":1,"column":20776}},{"start":{"line":1,"column":20720},"end":{"line":1,"column":20776}}],"line":1},"3":{"loc":{"start":{"line":1,"column":20865},"end":{"line":1,"column":20895}},"type":"if","locations":[{"start":{"line":1,"column":20865},"end":{"line":1,"column":20895}},{"start":{"line":1,"column":20865},"end":{"line":1,"column":20895}}],"line":1},"4":{"loc":{"start":{"line":1,"column":21071},"end":{"line":1,"column":21140}},"type":"if","locations":[{"start":{"line":1,"column":21071},"end":{"line":1,"column":21140}},{"start":{"line":1,"column":21071},"end":{"line":1,"column":21140}}],"line":1},"5":{"loc":{"start":{"line":1,"column":21276},"end":{"line":1,"column":21362}},"type":"if","locations":[{"start":{"line":1,"column":21276},"end":{"line":1,"column":21362}},{"start":{"line":1,"column":21276},"end":{"line":1,"column":21362}}],"line":1},"6":{"loc":{"start":{"line":1,"column":21519},"end":{"line":1,"column":21701}},"type":"if","locations":[{"start":{"line":1,"column":21519},"end":{"line":1,"column":21701}},{"start":{"line":1,"column":21519},"end":{"line":1,"column":21701}}],"line":1},"7":{"loc":{"start":{"line":1,"column":21702},"end":{"line":1,"column":22000}},"type":"if","locations":[{"start":{"line":1,"column":21702},"end":{"line":1,"column":22000}},{"start":{"line":1,"column":21702},"end":{"line":1,"column":22000}}],"line":1},"8":{"loc":{"start":{"line":1,"column":21706},"end":{"line":1,"column":21761}},"type":"binary-expr","locations":[{"start":{"line":1,"column":21706},"end":{"line":1,"column":21721}},{"start":{"line":1,"column":21725},"end":{"line":1,"column":21761}}],"line":1},"9":{"loc":{"start":{"line":1,"column":21972},"end":{"line":1,"column":21997}},"type":"binary-expr","locations":[{"start":{"line":1,"column":21972},"end":{"line":1,"column":21979}},{"start":{"line":1,"column":21983},"end":{"line":1,"column":21997}}],"line":1}},"s":{"0":0,"1":0,"2":0,"3":0,"4":0,"5":0,"6":0,"7":0,"8":0,"9":0,"10":0,"11":0,"12":0,"13":0,"14":0,"15":0,"16":0,"17":0,"18":0,"19":0,"20":0,"21":0,"22":0,"23":0,"24":0,"25":0,"26":0,"27":0,"28":0,"29":0,"30":0,"31":0,"32":0,"33":0,"34":0,"35":0,"36":0,"37":0,"38":0,"39":0,"40":0,"41":0,"42":0,"43":0,"44":0,"45":0,"46":0,"47":0,"48":0,"49":0,"50":0,"51":0,"52":0,"53":0,"54":0,"55":0},"f":{"0":0,"1":0,"2":0,"3":0,"4":0,"5":0,"6":0,"7":0,"8":0,"9":0,"10":0},"b":{"0":[0,0],"1":[0,0],"2":[0,0],"3":[0,0],"4":[0,0],"5":[0,0],"6":[0,0],"7":[0,0],"8":[0,0],"9":[0,0]}}
,"F:\\云\\v0.1.2offix\\OFFIX\\OFFIX_NODE_JS-0.1.1\\src\\components\\common\\atTopic.vue": {"path":"F:\\云\\v0.1.2offix\\OFFIX\\OFFIX_NODE_JS-0.1.1\\src\\components\\common\\atTopic.vue","statementMap":{"0":{"start":{"line":1,"column":1},"end":{"line":443,"column":4}},"1":{"start":{"line":4,"column":0},"end":{"line":6,"column":3}},"2":{"start":{"line":45,"column":0},"end":{"line":442,"column":2}},"3":{"start":{"line":54,"column":2},"end":{"line":80,"column":4}},"4":{"start":{"line":85,"column":14},"end":{"line":85,"column":36}},"5":{"start":{"line":86,"column":3},"end":{"line":92,"column":4}},"6":{"start":{"line":87,"column":18},"end":{"line":87,"column":74}},"7":{"start":{"line":88,"column":18},"end":{"line":88,"column":69}},"8":{"start":{"line":89,"column":4},"end":{"line":91,"column":5}},"9":{"start":{"line":90,"column":5},"end":{"line":90,"column":78}},"10":{"start":{"line":94,"column":3},"end":{"line":97,"column":6}},"11":{"start":{"line":102,"column":15},"end":{"line":102,"column":19}},"12":{"start":{"line":104,"column":19},"end":{"line":109,"column":4}},"13":{"start":{"line":105,"column":4},"end":{"line":105,"column":48}},"14":{"start":{"line":105,"column":41},"end":{"line":105,"column":48}},"15":{"start":{"line":106,"column":4},"end":{"line":106,"column":23}},"16":{"start":{"line":107,"column":4},"end":{"line":107,"column":26}},"17":{"start":{"line":108,"column":4},"end":{"line":108,"column":43}},"18":{"start":{"line":110,"column":3},"end":{"line":110,"column":40}},"19":{"start":{"line":114,"column":3},"end":{"line":114,"column":56}},"20":{"start":{"line":119,"column":3},"end":{"line":119,"column":34}},"21":{"start":{"line":120,"column":3},"end":{"line":123,"column":4}},"22":{"start":{"line":121,"column":4},"end":{"line":121,"column":23}},"23":{"start":{"line":122,"column":4},"end":{"line":122,"column":11}},"24":{"start":{"line":124,"column":3},"end":{"line":124,"column":19}},"25":{"start":{"line":125,"column":3},"end":{"line":128,"column":4}},"26":{"start":{"line":126,"column":4},"end":{"line":126,"column":22}},"27":{"start":{"line":127,"column":4},"end":{"line":127,"column":11}},"28":{"start":{"line":129,"column":3},"end":{"line":129,"column":20}},"29":{"start":{"line":133,"column":3},"end":{"line":136,"column":4}},"30":{"start":{"line":134,"column":4},"end":{"line":134,"column":98}},"31":{"start":{"line":135,"column":4},"end":{"line":135,"column":11}},"32":{"start":{"line":137,"column":3},"end":{"line":142,"column":4}},"33":{"start":{"line":138,"column":4},"end":{"line":141,"column":5}},"34":{"start":{"line":139,"column":5},"end":{"line":139,"column":31}},"35":{"start":{"line":140,"column":5},"end":{"line":140,"column":12}},"36":{"start":{"line":145,"column":24},"end":{"line":145,"column":67}},"37":{"start":{"line":146,"column":3},"end":{"line":173,"column":5}},"38":{"start":{"line":149,"column":15},"end":{"line":149,"column":35}},"39":{"start":{"line":150,"column":5},"end":{"line":172,"column":6}},"40":{"start":{"line":151,"column":14},"end":{"line":151,"column":20}},"41":{"start":{"line":152,"column":6},"end":{"line":161,"column":7}},"42":{"start":{"line":154,"column":8},"end":{"line":157,"column":9}},"43":{"start":{"line":155,"column":9},"end":{"line":155,"column":17}},"44":{"start":{"line":156,"column":9},"end":{"line":156,"column":48}},"45":{"start":{"line":158,"column":8},"end":{"line":158,"column":14}},"46":{"start":{"line":160,"column":8},"end":{"line":160,"column":16}},"47":{"start":{"line":162,"column":6},"end":{"line":171,"column":7}},"48":{"start":{"line":163,"column":18},"end":{"line":163,"column":49}},"49":{"start":{"line":164,"column":7},"end":{"line":170,"column":8}},"50":{"start":{"line":165,"column":22},"end":{"line":165,"column":87}},"51":{"start":{"line":166,"column":8},"end":{"line":169,"column":11}},"52":{"start":{"line":175,"column":3},"end":{"line":175,"column":16}},"53":{"start":{"line":180,"column":3},"end":{"line":210,"column":4}},"54":{"start":{"line":181,"column":4},"end":{"line":209,"column":5}},"55":{"start":{"line":183,"column":14},"end":{"line":183,"column":26}},"56":{"start":{"line":184,"column":6},"end":{"line":189,"column":7}},"57":{"start":{"line":185,"column":7},"end":{"line":188,"column":8}},"58":{"start":{"line":186,"column":8},"end":{"line":186,"column":25}},"59":{"start":{"line":187,"column":8},"end":{"line":187,"column":14}},"60":{"start":{"line":190,"column":6},"end":{"line":190,"column":21}},"61":{"start":{"line":191,"column":6},"end":{"line":191,"column":23}},"62":{"start":{"line":192,"column":6},"end":{"line":192,"column":32}},"63":{"start":{"line":193,"column":6},"end":{"line":193,"column":12}},"64":{"start":{"line":195,"column":6},"end":{"line":195,"column":55}},"65":{"start":{"line":196,"column":6},"end":{"line":199,"column":63}},"66":{"start":{"line":197,"column":7},"end":{"line":197,"column":24}},"67":{"start":{"line":198,"column":7},"end":{"line":198,"column":55}},"68":{"start":{"line":199,"column":13},"end":{"line":199,"column":63}},"69":{"start":{"line":200,"column":6},"end":{"line":200,"column":32}},"70":{"start":{"line":201,"column":6},"end":{"line":201,"column":12}},"71":{"start":{"line":203,"column":6},"end":{"line":203,"column":55}},"72":{"start":{"line":204,"column":6},"end":{"line":207,"column":63}},"73":{"start":{"line":205,"column":7},"end":{"line":205,"column":43}},"74":{"start":{"line":206,"column":7},"end":{"line":206,"column":55}},"75":{"start":{"line":207,"column":13},"end":{"line":207,"column":63}},"76":{"start":{"line":208,"column":6},"end":{"line":208,"column":32}},"77":{"start":{"line":211,"column":3},"end":{"line":251,"column":4}},"78":{"start":{"line":212,"column":15},"end":{"line":212,"column":46}},"79":{"start":{"line":213,"column":4},"end":{"line":215,"column":5}},"80":{"start":{"line":214,"column":5},"end":{"line":214,"column":12}},"81":{"start":{"line":217,"column":25},"end":{"line":217,"column":68}},"82":{"start":{"line":218,"column":17},"end":{"line":218,"column":108}},"83":{"start":{"line":219,"column":4},"end":{"line":224,"column":5}},"84":{"start":{"line":220,"column":14},"end":{"line":220,"column":54}},"85":{"start":{"line":221,"column":5},"end":{"line":223,"column":6}},"86":{"start":{"line":222,"column":6},"end":{"line":222,"column":13}},"87":{"start":{"line":226,"column":16},"end":{"line":226,"column":28}},"88":{"start":{"line":227,"column":12},"end":{"line":227,"column":55}},"89":{"start":{"line":229,"column":21},"end":{"line":229,"column":23}},"90":{"start":{"line":230,"column":4},"end":{"line":245,"column":5}},"91":{"start":{"line":231,"column":5},"end":{"line":235,"column":6}},"92":{"start":{"line":232,"column":6},"end":{"line":232,"column":40}},"93":{"start":{"line":234,"column":6},"end":{"line":234,"column":40}},"94":{"start":{"line":237,"column":5},"end":{"line":244,"column":6}},"95":{"start":{"line":238,"column":6},"end":{"line":238,"column":40}},"96":{"start":{"line":239,"column":6},"end":{"line":241,"column":7}},"97":{"start":{"line":240,"column":7},"end":{"line":240,"column":40}},"98":{"start":{"line":243,"column":6},"end":{"line":243,"column":39}},"99":{"start":{"line":247,"column":4},"end":{"line":250,"column":5}},"100":{"start":{"line":248,"column":5},"end":{"line":248,"column":19}},"101":{"start":{"line":249,"column":5},"end":{"line":249,"column":31}},"102":{"start":{"line":256,"column":3},"end":{"line":256,"column":47}},"103":{"start":{"line":258,"column":15},"end":{"line":258,"column":27}},"104":{"start":{"line":259,"column":16},"end":{"line":259,"column":39}},"105":{"start":{"line":260,"column":3},"end":{"line":280,"column":4}},"106":{"start":{"line":261,"column":18},"end":{"line":261,"column":80}},"107":{"start":{"line":262,"column":4},"end":{"line":266,"column":7}},"108":{"start":{"line":267,"column":18},"end":{"line":267,"column":60}},"109":{"start":{"line":268,"column":18},"end":{"line":268,"column":75}},"110":{"start":{"line":269,"column":12},"end":{"line":269,"column":175}},"111":{"start":{"line":270,"column":4},"end":{"line":270,"column":22}},"112":{"start":{"line":271,"column":4},"end":{"line":271,"column":58}},"113":{"start":{"line":272,"column":4},"end":{"line":272,"column":57}},"114":{"start":{"line":274,"column":15},"end":{"line":274,"column":46}},"115":{"start":{"line":275,"column":4},"end":{"line":277,"column":5}},"116":{"start":{"line":276,"column":5},"end":{"line":276,"column":82}},"117":{"start":{"line":279,"column":4},"end":{"line":279,"column":100}},"118":{"start":{"line":281,"column":3},"end":{"line":284,"column":6}},"119":{"start":{"line":283,"column":4},"end":{"line":283,"column":55}},"120":{"start":{"line":286,"column":3},"end":{"line":286,"column":22}},"121":{"start":{"line":289,"column":14},"end":{"line":289,"column":16}},"122":{"start":{"line":290,"column":3},"end":{"line":293,"column":4}},"123":{"start":{"line":291,"column":4},"end":{"line":291,"column":28}},"124":{"start":{"line":292,"column":4},"end":{"line":292,"column":61}},"125":{"start":{"line":294,"column":3},"end":{"line":296,"column":6}},"126":{"start":{"line":295,"column":4},"end":{"line":295,"column":25}},"127":{"start":{"line":297,"column":3},"end":{"line":297,"column":15}},"128":{"start":{"line":301,"column":15},"end":{"line":301,"column":27}},"129":{"start":{"line":302,"column":3},"end":{"line":302,"column":122}},"130":{"start":{"line":303,"column":3},"end":{"line":306,"column":4}},"131":{"start":{"line":304,"column":4},"end":{"line":304,"column":21}},"132":{"start":{"line":305,"column":4},"end":{"line":305,"column":28}},"133":{"start":{"line":310,"column":13},"end":{"line":310,"column":53}},"134":{"start":{"line":311,"column":3},"end":{"line":311,"column":85}},"135":{"start":{"line":312,"column":3},"end":{"line":312,"column":45}},"136":{"start":{"line":313,"column":3},"end":{"line":313,"column":36}},"137":{"start":{"line":313,"column":19},"end":{"line":313,"column":36}},"138":{"start":{"line":317,"column":3},"end":{"line":317,"column":21}},"139":{"start":{"line":321,"column":3},"end":{"line":321,"column":24}},"140":{"start":{"line":322,"column":15},"end":{"line":322,"column":27}},"141":{"start":{"line":323,"column":3},"end":{"line":323,"column":69}},"142":{"start":{"line":324,"column":3},"end":{"line":324,"column":65}},"143":{"start":{"line":326,"column":18},"end":{"line":326,"column":19}},"144":{"start":{"line":327,"column":3},"end":{"line":337,"column":4}},"145":{"start":{"line":328,"column":12},"end":{"line":328,"column":31}},"146":{"start":{"line":329,"column":4},"end":{"line":329,"column":65}},"147":{"start":{"line":329,"column":53},"end":{"line":329,"column":65}},"148":{"start":{"line":330,"column":4},"end":{"line":335,"column":5}},"149":{"start":{"line":333,"column":6},"end":{"line":333,"column":23}},"150":{"start":{"line":334,"column":6},"end":{"line":334,"column":19}},"151":{"start":{"line":336,"column":4},"end":{"line":336,"column":24}},"152":{"start":{"line":336,"column":18},"end":{"line":336,"column":24}},"153":{"start":{"line":338,"column":3},"end":{"line":338,"column":30}},"154":{"start":{"line":338,"column":18},"end":{"line":338,"column":30}},"155":{"start":{"line":340,"column":3},"end":{"line":349,"column":4}},"156":{"start":{"line":341,"column":4},"end":{"line":348,"column":5}},"157":{"start":{"line":342,"column":18},"end":{"line":342,"column":46}},"158":{"start":{"line":343,"column":5},"end":{"line":347,"column":6}},"159":{"start":{"line":344,"column":6},"end":{"line":344,"column":37}},"160":{"start":{"line":345,"column":6},"end":{"line":345,"column":44}},"161":{"start":{"line":346,"column":6},"end":{"line":346,"column":58}},"162":{"start":{"line":350,"column":3},"end":{"line":357,"column":4}},"163":{"start":{"line":351,"column":18},"end":{"line":351,"column":47}},"164":{"start":{"line":352,"column":4},"end":{"line":356,"column":5}},"165":{"start":{"line":353,"column":5},"end":{"line":353,"column":36}},"166":{"start":{"line":354,"column":5},"end":{"line":354,"column":33}},"167":{"start":{"line":355,"column":5},"end":{"line":355,"column":47}},"168":{"start":{"line":358,"column":3},"end":{"line":358,"column":13}},"169":{"start":{"line":361,"column":11},"end":{"line":361,"column":26}},"170":{"start":{"line":362,"column":3},"end":{"line":362,"column":20}},"171":{"start":{"line":362,"column":11},"end":{"line":362,"column":20}},"172":{"start":{"line":363,"column":3},"end":{"line":382,"column":4}},"173":{"start":{"line":367,"column":5},"end":{"line":369,"column":6}},"174":{"start":{"line":368,"column":6},"end":{"line":368,"column":19}},"175":{"start":{"line":370,"column":5},"end":{"line":370,"column":14}},"176":{"start":{"line":372,"column":5},"end":{"line":372,"column":30}},"177":{"start":{"line":374,"column":5},"end":{"line":376,"column":6}},"178":{"start":{"line":375,"column":6},"end":{"line":375,"column":31}},"179":{"start":{"line":377,"column":14},"end":{"line":377,"column":33}},"180":{"start":{"line":378,"column":5},"end":{"line":380,"column":6}},"181":{"start":{"line":379,"column":6},"end":{"line":379,"column":19}},"182":{"start":{"line":381,"column":5},"end":{"line":381,"column":30}},"183":{"start":{"line":383,"column":3},"end":{"line":383,"column":13}},"184":{"start":{"line":386,"column":3},"end":{"line":396,"column":4}},"185":{"start":{"line":388,"column":5},"end":{"line":390,"column":8}},"186":{"start":{"line":389,"column":6},"end":{"line":389,"column":42}},"187":{"start":{"line":393,"column":5},"end":{"line":395,"column":8}},"188":{"start":{"line":394,"column":6},"end":{"line":394,"column":39}},"189":{"start":{"line":404,"column":3},"end":{"line":413,"column":4}},"190":{"start":{"line":405,"column":4},"end":{"line":405,"column":33}},"191":{"start":{"line":406,"column":10},"end":{"line":413,"column":4}},"192":{"start":{"line":407,"column":4},"end":{"line":407,"column":19}},"193":{"start":{"line":408,"column":12},"end":{"line":408,"column":44}},"194":{"start":{"line":409,"column":13},"end":{"line":409,"column":26}},"195":{"start":{"line":410,"column":4},"end":{"line":410,"column":33}},"196":{"start":{"line":411,"column":4},"end":{"line":411,"column":34}},"197":{"start":{"line":412,"column":4},"end":{"line":412,"column":42}},"198":{"start":{"line":414,"column":3},"end":{"line":414,"column":12}},"199":{"start":{"line":417,"column":3},"end":{"line":426,"column":4}},"200":{"start":{"line":418,"column":4},"end":{"line":418,"column":31}},"201":{"start":{"line":419,"column":10},"end":{"line":426,"column":4}},"202":{"start":{"line":420,"column":4},"end":{"line":420,"column":19}},"203":{"start":{"line":421,"column":12},"end":{"line":421,"column":44}},"204":{"start":{"line":422,"column":13},"end":{"line":422,"column":26}},"205":{"start":{"line":423,"column":4},"end":{"line":423,"column":33}},"206":{"start":{"line":424,"column":4},"end":{"line":424,"column":34}},"207":{"start":{"line":425,"column":4},"end":{"line":425,"column":26}},"208":{"start":{"line":427,"column":3},"end":{"line":427,"column":12}},"209":{"start":{"line":430,"column":3},"end":{"line":439,"column":4}},"210":{"start":{"line":431,"column":4},"end":{"line":431,"column":19}},"211":{"start":{"line":432,"column":4},"end":{"line":432,"column":39}},"212":{"start":{"line":433,"column":10},"end":{"line":439,"column":4}},"213":{"start":{"line":434,"column":16},"end":{"line":434,"column":40}},"214":{"start":{"line":435,"column":4},"end":{"line":435,"column":25}},"215":{"start":{"line":436,"column":4},"end":{"line":436,"column":36}},"216":{"start":{"line":437,"column":4},"end":{"line":437,"column":38}},"217":{"start":{"line":438,"column":4},"end":{"line":438,"column":19}},"218":{"start":{"line":444,"column":0},"end":{"line":444,"column":70}},"219":{"start":{"line":444,"column":31},"end":{"line":444,"column":70}},"220":{"start":{"line":445,"column":24},"end":{"line":445,"column":100}},"221":{"start":{"line":446,"column":0},"end":{"line":446,"column":1667}},"222":{"start":{"line":446,"column":54},"end":{"line":446,"column":58}},"223":{"start":{"line":446,"column":66},"end":{"line":446,"column":84}},"224":{"start":{"line":446,"column":92},"end":{"line":446,"column":108}},"225":{"start":{"line":446,"column":109},"end":{"line":446,"column":1666}},"226":{"start":{"line":446,"column":497},"end":{"line":446,"column":535}},"227":{"start":{"line":446,"column":526},"end":{"line":446,"column":533}},"228":{"start":{"line":446,"column":535},"end":{"line":446,"column":566}},"229":{"start":{"line":446,"column":615},"end":{"line":446,"column":640}},"230":{"start":{"line":446,"column":640},"end":{"line":446,"column":661}},"231":{"start":{"line":446,"column":1146},"end":{"line":446,"column":1171}},"232":{"start":{"line":446,"column":1198},"end":{"line":446,"column":1236}},"233":{"start":{"line":446,"column":1227},"end":{"line":446,"column":1234}},"234":{"start":{"line":446,"column":1236},"end":{"line":446,"column":1270}},"235":{"start":{"line":446,"column":1363},"end":{"line":446,"column":1657}},"236":{"start":{"line":446,"column":1510},"end":{"line":446,"column":1526}},"237":{"start":{"line":447,"column":0},"end":{"line":447,"column":37}}},"fnMap":{"0":{"name":"(anonymous_0)","decl":{"start":{"line":1,"column":2},"end":{"line":1,"column":3}},"loc":{"start":{"line":1,"column":12},"end":{"line":443,"column":1}},"line":1},"1":{"name":"data","decl":{"start":{"line":53,"column":16},"end":{"line":53,"column":20}},"loc":{"start":{"line":53,"column":23},"end":{"line":81,"column":2}},"line":53},"2":{"name":"content","decl":{"start":{"line":84,"column":20},"end":{"line":84,"column":27}},"loc":{"start":{"line":84,"column":33},"end":{"line":98,"column":3}},"line":84},"3":{"name":"clickStop","decl":{"start":{"line":101,"column":22},"end":{"line":101,"column":31}},"loc":{"start":{"line":101,"column":34},"end":{"line":111,"column":3}},"line":101},"4":{"name":"clickFunc","decl":{"start":{"line":104,"column":28},"end":{"line":104,"column":37}},"loc":{"start":{"line":104,"column":41},"end":{"line":109,"column":4}},"line":104},"5":{"name":"searchKeyup","decl":{"start":{"line":112,"column":24},"end":{"line":112,"column":35}},"loc":{"start":{"line":112,"column":42},"end":{"line":115,"column":3}},"line":112},"6":{"name":"input","decl":{"start":{"line":118,"column":18},"end":{"line":118,"column":23}},"loc":{"start":{"line":118,"column":26},"end":{"line":130,"column":3}},"line":118},"7":{"name":"keyup","decl":{"start":{"line":132,"column":18},"end":{"line":132,"column":23}},"loc":{"start":{"line":132,"column":31},"end":{"line":176,"column":3}},"line":132},"8":{"name":"keydown","decl":{"start":{"line":178,"column":20},"end":{"line":178,"column":27}},"loc":{"start":{"line":178,"column":35},"end":{"line":252,"column":3}},"line":178},"9":{"name":"insert","decl":{"start":{"line":254,"column":19},"end":{"line":254,"column":25}},"loc":{"start":{"line":254,"column":39},"end":{"line":287,"column":3}},"line":254},"10":{"name":"(anonymous_10)","decl":{"start":{"line":281,"column":18},"end":{"line":281,"column":19}},"loc":{"start":{"line":281,"column":30},"end":{"line":284,"column":4}},"line":281},"11":{"name":"parseSubText","decl":{"start":{"line":288,"column":25},"end":{"line":288,"column":37}},"loc":{"start":{"line":288,"column":44},"end":{"line":298,"column":3}},"line":288},"12":{"name":"(anonymous_12)","decl":{"start":{"line":294,"column":26},"end":{"line":294,"column":27}},"loc":{"start":{"line":294,"column":44},"end":{"line":296,"column":4}},"line":294},"13":{"name":"loadData","decl":{"start":{"line":300,"column":21},"end":{"line":300,"column":29}},"loc":{"start":{"line":300,"column":32},"end":{"line":307,"column":3}},"line":300},"14":{"name":"showLayer","decl":{"start":{"line":309,"column":22},"end":{"line":309,"column":31}},"loc":{"start":{"line":309,"column":34},"end":{"line":314,"column":3}},"line":309},"15":{"name":"hiddenLayer","decl":{"start":{"line":316,"column":24},"end":{"line":316,"column":35}},"loc":{"start":{"line":316,"column":38},"end":{"line":318,"column":3}},"line":316},"16":{"name":"getLayerText","decl":{"start":{"line":320,"column":25},"end":{"line":320,"column":37}},"loc":{"start":{"line":320,"column":46},"end":{"line":359,"column":3}},"line":320},"17":{"name":"findEndIndex","decl":{"start":{"line":360,"column":25},"end":{"line":360,"column":37}},"loc":{"start":{"line":360,"column":48},"end":{"line":384,"column":3}},"line":360},"18":{"name":"load","decl":{"start":{"line":385,"column":17},"end":{"line":385,"column":21}},"loc":{"start":{"line":385,"column":28},"end":{"line":397,"column":3}},"line":385},"19":{"name":"(anonymous_19)","decl":{"start":{"line":388,"column":31},"end":{"line":388,"column":32}},"loc":{"start":{"line":388,"column":46},"end":{"line":390,"column":6}},"line":388},"20":{"name":"(anonymous_20)","decl":{"start":{"line":393,"column":34},"end":{"line":393,"column":35}},"loc":{"start":{"line":393,"column":49},"end":{"line":395,"column":6}},"line":393},"21":{"name":"getSelectionStart","decl":{"start":{"line":403,"column":30},"end":{"line":403,"column":47}},"loc":{"start":{"line":403,"column":56},"end":{"line":415,"column":3}},"line":403},"22":{"name":"getSelectionEnd","decl":{"start":{"line":416,"column":28},"end":{"line":416,"column":43}},"loc":{"start":{"line":416,"column":52},"end":{"line":428,"column":3}},"line":416},"23":{"name":"setCaretPosition","decl":{"start":{"line":429,"column":29},"end":{"line":429,"column":45}},"loc":{"start":{"line":429,"column":59},"end":{"line":440,"column":3}},"line":429},"24":{"name":"render","decl":{"start":{"line":446,"column":35},"end":{"line":446,"column":41}},"loc":{"start":{"line":446,"column":45},"end":{"line":446,"column":1667}},"line":446},"25":{"name":"(anonymous_25)","decl":{"start":{"line":446,"column":480},"end":{"line":446,"column":481}},"loc":{"start":{"line":446,"column":496},"end":{"line":446,"column":567}},"line":446},"26":{"name":"(anonymous_26)","decl":{"start":{"line":446,"column":598},"end":{"line":446,"column":599}},"loc":{"start":{"line":446,"column":614},"end":{"line":446,"column":662}},"line":446},"27":{"name":"(anonymous_27)","decl":{"start":{"line":446,"column":1129},"end":{"line":446,"column":1130}},"loc":{"start":{"line":446,"column":1145},"end":{"line":446,"column":1172}},"line":446},"28":{"name":"(anonymous_28)","decl":{"start":{"line":446,"column":1181},"end":{"line":446,"column":1182}},"loc":{"start":{"line":446,"column":1197},"end":{"line":446,"column":1271}},"line":446},"29":{"name":"(anonymous_29)","decl":{"start":{"line":446,"column":1342},"end":{"line":446,"column":1343}},"loc":{"start":{"line":446,"column":1362},"end":{"line":446,"column":1658}},"line":446},"30":{"name":"(anonymous_30)","decl":{"start":{"line":446,"column":1493},"end":{"line":446,"column":1494}},"loc":{"start":{"line":446,"column":1509},"end":{"line":446,"column":1527}},"line":446}},"branchMap":{"0":{"loc":{"start":{"line":86,"column":3},"end":{"line":92,"column":4}},"type":"if","locations":[{"start":{"line":86,"column":3},"end":{"line":92,"column":4}},{"start":{"line":86,"column":3},"end":{"line":92,"column":4}}],"line":86},"1":{"loc":{"start":{"line":86,"column":7},"end":{"line":86,"column":58}},"type":"binary-expr","locations":[{"start":{"line":86,"column":7},"end":{"line":86,"column":20}},{"start":{"line":86,"column":24},"end":{"line":86,"column":58}}],"line":86},"2":{"loc":{"start":{"line":89,"column":4},"end":{"line":91,"column":5}},"type":"if","locations":[{"start":{"line":89,"column":4},"end":{"line":91,"column":5}},{"start":{"line":89,"column":4},"end":{"line":91,"column":5}}],"line":89},"3":{"loc":{"start":{"line":105,"column":4},"end":{"line":105,"column":48}},"type":"if","locations":[{"start":{"line":105,"column":4},"end":{"line":105,"column":48}},{"start":{"line":105,"column":4},"end":{"line":105,"column":48}}],"line":105},"4":{"loc":{"start":{"line":120,"column":3},"end":{"line":123,"column":4}},"type":"if","locations":[{"start":{"line":120,"column":3},"end":{"line":123,"column":4}},{"start":{"line":120,"column":3},"end":{"line":123,"column":4}}],"line":120},"5":{"loc":{"start":{"line":125,"column":3},"end":{"line":128,"column":4}},"type":"if","locations":[{"start":{"line":125,"column":3},"end":{"line":128,"column":4}},{"start":{"line":125,"column":3},"end":{"line":128,"column":4}}],"line":125},"6":{"loc":{"start":{"line":133,"column":3},"end":{"line":136,"column":4}},"type":"if","locations":[{"start":{"line":133,"column":3},"end":{"line":136,"column":4}},{"start":{"line":133,"column":3},"end":{"line":136,"column":4}}],"line":133},"7":{"loc":{"start":{"line":137,"column":3},"end":{"line":142,"column":4}},"type":"if","locations":[{"start":{"line":137,"column":3},"end":{"line":142,"column":4}},{"start":{"line":137,"column":3},"end":{"line":142,"column":4}}],"line":137},"8":{"loc":{"start":{"line":138,"column":4},"end":{"line":141,"column":5}},"type":"if","locations":[{"start":{"line":138,"column":4},"end":{"line":141,"column":5}},{"start":{"line":138,"column":4},"end":{"line":141,"column":5}}],"line":138},"9":{"loc":{"start":{"line":146,"column":3},"end":{"line":173,"column":5}},"type":"if","locations":[{"start":{"line":146,"column":3},"end":{"line":173,"column":5}},{"start":{"line":146,"column":3},"end":{"line":173,"column":5}}],"line":146},"10":{"loc":{"start":{"line":146,"column":7},"end":{"line":147,"column":52}},"type":"binary-expr","locations":[{"start":{"line":146,"column":7},"end":{"line":146,"column":53}},{"start":{"line":147,"column":6},"end":{"line":147,"column":52}}],"line":146},"11":{"loc":{"start":{"line":150,"column":5},"end":{"line":172,"column":6}},"type":"if","locations":[{"start":{"line":150,"column":5},"end":{"line":172,"column":6}},{"start":{"line":150,"column":5},"end":{"line":172,"column":6}}],"line":150},"12":{"loc":{"start":{"line":152,"column":6},"end":{"line":161,"column":7}},"type":"switch","locations":[{"start":{"line":153,"column":7},"end":{"line":158,"column":14}},{"start":{"line":159,"column":7},"end":{"line":160,"column":16}}],"line":152},"13":{"loc":{"start":{"line":154,"column":8},"end":{"line":157,"column":9}},"type":"if","locations":[{"start":{"line":154,"column":8},"end":{"line":157,"column":9}},{"start":{"line":154,"column":8},"end":{"line":157,"column":9}}],"line":154},"14":{"loc":{"start":{"line":162,"column":6},"end":{"line":171,"column":7}},"type":"if","locations":[{"start":{"line":162,"column":6},"end":{"line":171,"column":7}},{"start":{"line":162,"column":6},"end":{"line":171,"column":7}}],"line":162},"15":{"loc":{"start":{"line":164,"column":7},"end":{"line":170,"column":8}},"type":"if","locations":[{"start":{"line":164,"column":7},"end":{"line":170,"column":8}},{"start":{"line":164,"column":7},"end":{"line":170,"column":8}}],"line":164},"16":{"loc":{"start":{"line":180,"column":3},"end":{"line":210,"column":4}},"type":"if","locations":[{"start":{"line":180,"column":3},"end":{"line":210,"column":4}},{"start":{"line":180,"column":3},"end":{"line":210,"column":4}}],"line":180},"17":{"loc":{"start":{"line":180,"column":7},"end":{"line":180,"column":49}},"type":"binary-expr","locations":[{"start":{"line":180,"column":7},"end":{"line":180,"column":16}},{"start":{"line":180,"column":20},"end":{"line":180,"column":29}},{"start":{"line":180,"column":33},"end":{"line":180,"column":49}}],"line":180},"18":{"loc":{"start":{"line":181,"column":4},"end":{"line":209,"column":5}},"type":"switch","locations":[{"start":{"line":182,"column":5},"end":{"line":193,"column":12}},{"start":{"line":194,"column":5},"end":{"line":201,"column":12}},{"start":{"line":202,"column":5},"end":{"line":208,"column":32}}],"line":181},"19":{"loc":{"start":{"line":185,"column":7},"end":{"line":188,"column":8}},"type":"if","locations":[{"start":{"line":185,"column":7},"end":{"line":188,"column":8}},{"start":{"line":185,"column":7},"end":{"line":188,"column":8}}],"line":185},"20":{"loc":{"start":{"line":196,"column":6},"end":{"line":199,"column":63}},"type":"if","locations":[{"start":{"line":196,"column":6},"end":{"line":199,"column":63}},{"start":{"line":196,"column":6},"end":{"line":199,"column":63}}],"line":196},"21":{"loc":{"start":{"line":204,"column":6},"end":{"line":207,"column":63}},"type":"if","locations":[{"start":{"line":204,"column":6},"end":{"line":207,"column":63}},{"start":{"line":204,"column":6},"end":{"line":207,"column":63}}],"line":204},"22":{"loc":{"start":{"line":211,"column":3},"end":{"line":251,"column":4}},"type":"if","locations":[{"start":{"line":211,"column":3},"end":{"line":251,"column":4}},{"start":{"line":211,"column":3},"end":{"line":251,"column":4}}],"line":211},"23":{"loc":{"start":{"line":213,"column":4},"end":{"line":215,"column":5}},"type":"if","locations":[{"start":{"line":213,"column":4},"end":{"line":215,"column":5}},{"start":{"line":213,"column":4},"end":{"line":215,"column":5}}],"line":213},"24":{"loc":{"start":{"line":218,"column":17},"end":{"line":218,"column":108}},"type":"cond-expr","locations":[{"start":{"line":218,"column":66},"end":{"line":218,"column":86}},{"start":{"line":218,"column":89},"end":{"line":218,"column":108}}],"line":218},"25":{"loc":{"start":{"line":219,"column":4},"end":{"line":224,"column":5}},"type":"if","locations":[{"start":{"line":219,"column":4},"end":{"line":224,"column":5}},{"start":{"line":219,"column":4},"end":{"line":224,"column":5}}],"line":219},"26":{"loc":{"start":{"line":221,"column":5},"end":{"line":223,"column":6}},"type":"if","locations":[{"start":{"line":221,"column":5},"end":{"line":223,"column":6}},{"start":{"line":221,"column":5},"end":{"line":223,"column":6}}],"line":221},"27":{"loc":{"start":{"line":221,"column":9},"end":{"line":221,"column":26}},"type":"binary-expr","locations":[{"start":{"line":221,"column":9},"end":{"line":221,"column":12}},{"start":{"line":221,"column":16},"end":{"line":221,"column":26}}],"line":221},"28":{"loc":{"start":{"line":230,"column":4},"end":{"line":245,"column":5}},"type":"if","locations":[{"start":{"line":230,"column":4},"end":{"line":245,"column":5}},{"start":{"line":230,"column":4},"end":{"line":245,"column":5}}],"line":230},"29":{"loc":{"start":{"line":231,"column":5},"end":{"line":235,"column":6}},"type":"if","locations":[{"start":{"line":231,"column":5},"end":{"line":235,"column":6}},{"start":{"line":231,"column":5},"end":{"line":235,"column":6}}],"line":231},"30":{"loc":{"start":{"line":237,"column":5},"end":{"line":244,"column":6}},"type":"if","locations":[{"start":{"line":237,"column":5},"end":{"line":244,"column":6}},{"start":{"line":237,"column":5},"end":{"line":244,"column":6}}],"line":237},"31":{"loc":{"start":{"line":239,"column":6},"end":{"line":241,"column":7}},"type":"if","locations":[{"start":{"line":239,"column":6},"end":{"line":241,"column":7}},{"start":{"line":239,"column":6},"end":{"line":241,"column":7}}],"line":239},"32":{"loc":{"start":{"line":247,"column":4},"end":{"line":250,"column":5}},"type":"if","locations":[{"start":{"line":247,"column":4},"end":{"line":250,"column":5}},{"start":{"line":247,"column":4},"end":{"line":250,"column":5}}],"line":247},"33":{"loc":{"start":{"line":256,"column":18},"end":{"line":256,"column":46}},"type":"cond-expr","locations":[{"start":{"line":256,"column":26},"end":{"line":256,"column":31}},{"start":{"line":256,"column":34},"end":{"line":256,"column":46}}],"line":256},"34":{"loc":{"start":{"line":260,"column":3},"end":{"line":280,"column":4}},"type":"if","locations":[{"start":{"line":260,"column":3},"end":{"line":280,"column":4}},{"start":{"line":260,"column":3},"end":{"line":280,"column":4}}],"line":260},"35":{"loc":{"start":{"line":264,"column":10},"end":{"line":264,"column":76}},"type":"cond-expr","locations":[{"start":{"line":264,"column":32},"end":{"line":264,"column":54}},{"start":{"line":264,"column":57},"end":{"line":264,"column":76}}],"line":264},"36":{"loc":{"start":{"line":267,"column":18},"end":{"line":267,"column":60}},"type":"cond-expr","locations":[{"start":{"line":267,"column":34},"end":{"line":267,"column":47}},{"start":{"line":267,"column":50},"end":{"line":267,"column":60}}],"line":267},"37":{"loc":{"start":{"line":269,"column":55},"end":{"line":269,"column":73}},"type":"cond-expr","locations":[{"start":{"line":269,"column":63},"end":{"line":269,"column":68}},{"start":{"line":269,"column":71},"end":{"line":269,"column":73}}],"line":269},"38":{"loc":{"start":{"line":269,"column":88},"end":{"line":269,"column":119}},"type":"cond-expr","locations":[{"start":{"line":269,"column":111},"end":{"line":269,"column":114}},{"start":{"line":269,"column":117},"end":{"line":269,"column":119}}],"line":269},"39":{"loc":{"start":{"line":269,"column":124},"end":{"line":269,"column":174}},"type":"cond-expr","locations":[{"start":{"line":269,"column":161},"end":{"line":269,"column":168}},{"start":{"line":269,"column":171},"end":{"line":269,"column":174}}],"line":269},"40":{"loc":{"start":{"line":269,"column":124},"end":{"line":269,"column":158}},"type":"binary-expr","locations":[{"start":{"line":269,"column":124},"end":{"line":269,"column":139}},{"start":{"line":269,"column":143},"end":{"line":269,"column":158}}],"line":269},"41":{"loc":{"start":{"line":275,"column":4},"end":{"line":277,"column":5}},"type":"if","locations":[{"start":{"line":275,"column":4},"end":{"line":277,"column":5}},{"start":{"line":275,"column":4},"end":{"line":277,"column":5}}],"line":275},"42":{"loc":{"start":{"line":290,"column":3},"end":{"line":293,"column":4}},"type":"if","locations":[{"start":{"line":290,"column":3},"end":{"line":293,"column":4}},{"start":{"line":290,"column":3},"end":{"line":293,"column":4}}],"line":290},"43":{"loc":{"start":{"line":303,"column":3},"end":{"line":306,"column":4}},"type":"if","locations":[{"start":{"line":303,"column":3},"end":{"line":306,"column":4}},{"start":{"line":303,"column":3},"end":{"line":306,"column":4}}],"line":303},"44":{"loc":{"start":{"line":303,"column":7},"end":{"line":303,"column":36}},"type":"binary-expr","locations":[{"start":{"line":303,"column":7},"end":{"line":303,"column":16}},{"start":{"line":303,"column":20},"end":{"line":303,"column":36}}],"line":303},"45":{"loc":{"start":{"line":313,"column":3},"end":{"line":313,"column":36}},"type":"if","locations":[{"start":{"line":313,"column":3},"end":{"line":313,"column":36}},{"start":{"line":313,"column":3},"end":{"line":313,"column":36}}],"line":313},"46":{"loc":{"start":{"line":321,"column":12},"end":{"line":321,"column":23}},"type":"binary-expr","locations":[{"start":{"line":321,"column":12},"end":{"line":321,"column":18}},{"start":{"line":321,"column":22},"end":{"line":321,"column":23}}],"line":321},"47":{"loc":{"start":{"line":329,"column":4},"end":{"line":329,"column":65}},"type":"if","locations":[{"start":{"line":329,"column":4},"end":{"line":329,"column":65}},{"start":{"line":329,"column":4},"end":{"line":329,"column":65}}],"line":329},"48":{"loc":{"start":{"line":329,"column":8},"end":{"line":329,"column":51}},"type":"binary-expr","locations":[{"start":{"line":329,"column":8},"end":{"line":329,"column":10}},{"start":{"line":329,"column":14},"end":{"line":329,"column":23}},{"start":{"line":329,"column":27},"end":{"line":329,"column":37}},{"start":{"line":329,"column":41},"end":{"line":329,"column":51}}],"line":329},"49":{"loc":{"start":{"line":330,"column":4},"end":{"line":335,"column":5}},"type":"switch","locations":[{"start":{"line":331,"column":5},"end":{"line":331,"column":14}},{"start":{"line":332,"column":5},"end":{"line":334,"column":19}}],"line":330},"50":{"loc":{"start":{"line":336,"column":4},"end":{"line":336,"column":24}},"type":"if","locations":[{"start":{"line":336,"column":4},"end":{"line":336,"column":24}},{"start":{"line":336,"column":4},"end":{"line":336,"column":24}}],"line":336},"51":{"loc":{"start":{"line":338,"column":3},"end":{"line":338,"column":30}},"type":"if","locations":[{"start":{"line":338,"column":3},"end":{"line":338,"column":30}},{"start":{"line":338,"column":3},"end":{"line":338,"column":30}}],"line":338},"52":{"loc":{"start":{"line":340,"column":3},"end":{"line":349,"column":4}},"type":"if","locations":[{"start":{"line":340,"column":3},"end":{"line":349,"column":4}},{"start":{"line":340,"column":3},"end":{"line":349,"column":4}}],"line":340},"53":{"loc":{"start":{"line":343,"column":5},"end":{"line":347,"column":6}},"type":"if","locations":[{"start":{"line":343,"column":5},"end":{"line":347,"column":6}},{"start":{"line":343,"column":5},"end":{"line":347,"column":6}}],"line":343},"54":{"loc":{"start":{"line":352,"column":4},"end":{"line":356,"column":5}},"type":"if","locations":[{"start":{"line":352,"column":4},"end":{"line":356,"column":5}},{"start":{"line":352,"column":4},"end":{"line":356,"column":5}}],"line":352},"55":{"loc":{"start":{"line":362,"column":3},"end":{"line":362,"column":20}},"type":"if","locations":[{"start":{"line":362,"column":3},"end":{"line":362,"column":20}},{"start":{"line":362,"column":3},"end":{"line":362,"column":20}}],"line":362},"56":{"loc":{"start":{"line":363,"column":3},"end":{"line":382,"column":4}},"type":"switch","locations":[{"start":{"line":364,"column":4},"end":{"line":364,"column":13}},{"start":{"line":365,"column":4},"end":{"line":365,"column":14}},{"start":{"line":366,"column":4},"end":{"line":370,"column":14}},{"start":{"line":371,"column":4},"end":{"line":372,"column":30}},{"start":{"line":373,"column":4},"end":{"line":381,"column":30}}],"line":363},"57":{"loc":{"start":{"line":367,"column":5},"end":{"line":369,"column":6}},"type":"if","locations":[{"start":{"line":367,"column":5},"end":{"line":369,"column":6}},{"start":{"line":367,"column":5},"end":{"line":369,"column":6}}],"line":367},"58":{"loc":{"start":{"line":374,"column":5},"end":{"line":376,"column":6}},"type":"if","locations":[{"start":{"line":374,"column":5},"end":{"line":376,"column":6}},{"start":{"line":374,"column":5},"end":{"line":376,"column":6}}],"line":374},"59":{"loc":{"start":{"line":378,"column":5},"end":{"line":380,"column":6}},"type":"if","locations":[{"start":{"line":378,"column":5},"end":{"line":380,"column":6}},{"start":{"line":378,"column":5},"end":{"line":380,"column":6}}],"line":378},"60":{"loc":{"start":{"line":378,"column":9},"end":{"line":378,"column":26}},"type":"binary-expr","locations":[{"start":{"line":378,"column":9},"end":{"line":378,"column":12}},{"start":{"line":378,"column":16},"end":{"line":378,"column":26}}],"line":378},"61":{"loc":{"start":{"line":386,"column":3},"end":{"line":396,"column":4}},"type":"switch","locations":[{"start":{"line":387,"column":4},"end":{"line":390,"column":8}},{"start":{"line":392,"column":4},"end":{"line":395,"column":8}}],"line":386},"62":{"loc":{"start":{"line":404,"column":3},"end":{"line":413,"column":4}},"type":"if","locations":[{"start":{"line":404,"column":3},"end":{"line":413,"column":4}},{"start":{"line":404,"column":3},"end":{"line":413,"column":4}}],"line":404},"63":{"loc":{"start":{"line":406,"column":10},"end":{"line":413,"column":4}},"type":"if","locations":[{"start":{"line":406,"column":10},"end":{"line":413,"column":4}},{"start":{"line":406,"column":10},"end":{"line":413,"column":4}}],"line":406},"64":{"loc":{"start":{"line":417,"column":3},"end":{"line":426,"column":4}},"type":"if","locations":[{"start":{"line":417,"column":3},"end":{"line":426,"column":4}},{"start":{"line":417,"column":3},"end":{"line":426,"column":4}}],"line":417},"65":{"loc":{"start":{"line":419,"column":10},"end":{"line":426,"column":4}},"type":"if","locations":[{"start":{"line":419,"column":10},"end":{"line":426,"column":4}},{"start":{"line":419,"column":10},"end":{"line":426,"column":4}}],"line":419},"66":{"loc":{"start":{"line":430,"column":3},"end":{"line":439,"column":4}},"type":"if","locations":[{"start":{"line":430,"column":3},"end":{"line":439,"column":4}},{"start":{"line":430,"column":3},"end":{"line":439,"column":4}}],"line":430},"67":{"loc":{"start":{"line":433,"column":10},"end":{"line":439,"column":4}},"type":"if","locations":[{"start":{"line":433,"column":10},"end":{"line":439,"column":4}},{"start":{"line":433,"column":10},"end":{"line":439,"column":4}}],"line":433},"68":{"loc":{"start":{"line":444,"column":0},"end":{"line":444,"column":70}},"type":"if","locations":[{"start":{"line":444,"column":0},"end":{"line":444,"column":70}},{"start":{"line":444,"column":0},"end":{"line":444,"column":70}}],"line":444},"69":{"loc":{"start":{"line":445,"column":24},"end":{"line":445,"column":100}},"type":"cond-expr","locations":[{"start":{"line":445,"column":62},"end":{"line":445,"column":84}},{"start":{"line":445,"column":86},"end":{"line":445,"column":100}}],"line":445},"70":{"loc":{"start":{"line":446,"column":92},"end":{"line":446,"column":108}},"type":"binary-expr","locations":[{"start":{"line":446,"column":92},"end":{"line":446,"column":104}},{"start":{"line":446,"column":106},"end":{"line":446,"column":108}}],"line":446},"71":{"loc":{"start":{"line":446,"column":497},"end":{"line":446,"column":535}},"type":"if","locations":[{"start":{"line":446,"column":497},"end":{"line":446,"column":535}},{"start":{"line":446,"column":497},"end":{"line":446,"column":535}}],"line":446},"72":{"loc":{"start":{"line":446,"column":1198},"end":{"line":446,"column":1236}},"type":"if","locations":[{"start":{"line":446,"column":1198},"end":{"line":446,"column":1236}},{"start":{"line":446,"column":1198},"end":{"line":446,"column":1236}}],"line":446},"73":{"loc":{"start":{"line":446,"column":1545},"end":{"line":446,"column":1587}},"type":"cond-expr","locations":[{"start":{"line":446,"column":1561},"end":{"line":446,"column":1574}},{"start":{"line":446,"column":1577},"end":{"line":446,"column":1587}}],"line":446}},"s":{"0":0,"1":0,"2":0,"3":0,"4":0,"5":0,"6":0,"7":0,"8":0,"9":0,"10":0,"11":0,"12":0,"13":0,"14":0,"15":0,"16":0,"17":0,"18":0,"19":0,"20":0,"21":0,"22":0,"23":0,"24":0,"25":0,"26":0,"27":0,"28":0,"29":0,"30":0,"31":0,"32":0,"33":0,"34":0,"35":0,"36":0,"37":0,"38":0,"39":0,"40":0,"41":0,"42":0,"43":0,"44":0,"45":0,"46":0,"47":0,"48":0,"49":0,"50":0,"51":0,"52":0,"53":0,"54":0,"55":0,"56":0,"57":0,"58":0,"59":0,"60":0,"61":0,"62":0,"63":0,"64":0,"65":0,"66":0,"67":0,"68":0,"69":0,"70":0,"71":0,"72":0,"73":0,"74":0,"75":0,"76":0,"77":0,"78":0,"79":0,"80":0,"81":0,"82":0,"83":0,"84":0,"85":0,"86":0,"87":0,"88":0,"89":0,"90":0,"91":0,"92":0,"93":0,"94":0,"95":0,"96":0,"97":0,"98":0,"99":0,"100":0,"101":0,"102":0,"103":0,"104":0,"105":0,"106":0,"107":0,"108":0,"109":0,"110":0,"111":0,"112":0,"113":0,"114":0,"115":0,"116":0,"117":0,"118":0,"119":0,"120":0,"121":0,"122":0,"123":0,"124":0,"125":0,"126":0,"127":0,"128":0,"129":0,"130":0,"131":0,"132":0,"133":0,"134":0,"135":0,"136":0,"137":0,"138":0,"139":0,"140":0,"141":0,"142":0,"143":0,"144":0,"145":0,"146":0,"147":0,"148":0,"149":0,"150":0,"151":0,"152":0,"153":0,"154":0,"155":0,"156":0,"157":0,"158":0,"159":0,"160":0,"161":0,"162":0,"163":0,"164":0,"165":0,"166":0,"167":0,"168":0,"169":0,"170":0,"171":0,"172":0,"173":0,"174":0,"175":0,"176":0,"177":0,"178":0,"179":0,"180":0,"181":0,"182":0,"183":0,"184":0,"185":0,"186":0,"187":0,"188":0,"189":0,"190":0,"191":0,"192":0,"193":0,"194":0,"195":0,"196":0,"197":0,"198":0,"199":0,"200":0,"201":0,"202":0,"203":0,"204":0,"205":0,"206":0,"207":0,"208":0,"209":0,"210":0,"211":0,"212":0,"213":0,"214":0,"215":0,"216":0,"217":0,"218":0,"219":0,"220":0,"221":0,"222":0,"223":0,"224":0,"225":0,"226":0,"227":0,"228":0,"229":0,"230":0,"231":0,"232":0,"233":0,"234":0,"235":0,"236":0,"237":0},"f":{"0":0,"1":0,"2":0,"3":0,"4":0,"5":0,"6":0,"7":0,"8":0,"9":0,"10":0,"11":0,"12":0,"13":0,"14":0,"15":0,"16":0,"17":0,"18":0,"19":0,"20":0,"21":0,"22":0,"23":0,"24":0,"25":0,"26":0,"27":0,"28":0,"29":0,"30":0},"b":{"0":[0,0],"1":[0,0],"2":[0,0],"3":[0,0],"4":[0,0],"5":[0,0],"6":[0,0],"7":[0,0],"8":[0,0],"9":[0,0],"10":[0,0],"11":[0,0],"12":[0,0],"13":[0,0],"14":[0,0],"15":[0,0],"16":[0,0],"17":[0,0,0],"18":[0,0,0],"19":[0,0],"20":[0,0],"21":[0,0],"22":[0,0],"23":[0,0],"24":[0,0],"25":[0,0],"26":[0,0],"27":[0,0],"28":[0,0],"29":[0,0],"30":[0,0],"31":[0,0],"32":[0,0],"33":[0,0],"34":[0,0],"35":[0,0],"36":[0,0],"37":[0,0],"38":[0,0],"39":[0,0],"40":[0,0],"41":[0,0],"42":[0,0],"43":[0,0],"44":[0,0],"45":[0,0],"46":[0,0],"47":[0,0],"48":[0,0,0,0],"49":[0,0],"50":[0,0],"51":[0,0],"52":[0,0],"53":[0,0],"54":[0,0],"55":[0,0],"56":[0,0,0,0,0],"57":[0,0],"58":[0,0],"59":[0,0],"60":[0,0],"61":[0,0],"62":[0,0],"63":[0,0],"64":[0,0],"65":[0,0],"66":[0,0],"67":[0,0],"68":[0,0],"69":[0,0],"70":[0,0],"71":[0,0],"72":[0,0],"73":[0,0]}}
,"F:\\云\\v0.1.2offix\\OFFIX\\OFFIX_NODE_JS-0.1.1\\src\\components\\common\\menuBar.vue": {"path":"F:\\云\\v0.1.2offix\\OFFIX\\OFFIX_NODE_JS-0.1.1\\src\\components\\common\\menuBar.vue","statementMap":{"0":{"start":{"line":1,"column":1},"end":{"line":53,"column":4}},"1":{"start":{"line":4,"column":0},"end":{"line":6,"column":3}},"2":{"start":{"line":18,"column":0},"end":{"line":52,"column":2}},"3":{"start":{"line":20,"column":4},"end":{"line":41,"column":6}},"4":{"start":{"line":47,"column":6},"end":{"line":47,"column":34}},"5":{"start":{"line":48,"column":6},"end":{"line":48,"column":35}},"6":{"start":{"line":54,"column":0},"end":{"line":54,"column":70}},"7":{"start":{"line":54,"column":31},"end":{"line":54,"column":70}},"8":{"start":{"line":55,"column":24},"end":{"line":55,"column":100}},"9":{"start":{"line":56,"column":0},"end":{"line":56,"column":573}},"10":{"start":{"line":56,"column":54},"end":{"line":56,"column":58}},"11":{"start":{"line":56,"column":66},"end":{"line":56,"column":84}},"12":{"start":{"line":56,"column":92},"end":{"line":56,"column":108}},"13":{"start":{"line":56,"column":109},"end":{"line":56,"column":572}},"14":{"start":{"line":56,"column":201},"end":{"line":56,"column":567}},"15":{"start":{"line":56,"column":285},"end":{"line":56,"column":304}},"16":{"start":{"line":57,"column":0},"end":{"line":57,"column":37}}},"fnMap":{"0":{"name":"(anonymous_0)","decl":{"start":{"line":1,"column":2},"end":{"line":1,"column":3}},"loc":{"start":{"line":1,"column":12},"end":{"line":53,"column":1}},"line":1},"1":{"name":"data","decl":{"start":{"line":19,"column":17},"end":{"line":19,"column":21}},"loc":{"start":{"line":19,"column":24},"end":{"line":42,"column":3}},"line":19},"2":{"name":"menuClick","decl":{"start":{"line":46,"column":24},"end":{"line":46,"column":33}},"loc":{"start":{"line":46,"column":40},"end":{"line":50,"column":5}},"line":46},"3":{"name":"render","decl":{"start":{"line":56,"column":35},"end":{"line":56,"column":41}},"loc":{"start":{"line":56,"column":45},"end":{"line":56,"column":573}},"line":56},"4":{"name":"(anonymous_4)","decl":{"start":{"line":56,"column":180},"end":{"line":56,"column":181}},"loc":{"start":{"line":56,"column":200},"end":{"line":56,"column":568}},"line":56},"5":{"name":"(anonymous_5)","decl":{"start":{"line":56,"column":268},"end":{"line":56,"column":269}},"loc":{"start":{"line":56,"column":284},"end":{"line":56,"column":305}},"line":56}},"branchMap":{"0":{"loc":{"start":{"line":54,"column":0},"end":{"line":54,"column":70}},"type":"if","locations":[{"start":{"line":54,"column":0},"end":{"line":54,"column":70}},{"start":{"line":54,"column":0},"end":{"line":54,"column":70}}],"line":54},"1":{"loc":{"start":{"line":55,"column":24},"end":{"line":55,"column":100}},"type":"cond-expr","locations":[{"start":{"line":55,"column":62},"end":{"line":55,"column":84}},{"start":{"line":55,"column":86},"end":{"line":55,"column":100}}],"line":55},"2":{"loc":{"start":{"line":56,"column":92},"end":{"line":56,"column":108}},"type":"binary-expr","locations":[{"start":{"line":56,"column":92},"end":{"line":56,"column":104}},{"start":{"line":56,"column":106},"end":{"line":56,"column":108}}],"line":56}},"s":{"0":0,"1":0,"2":0,"3":0,"4":0,"5":0,"6":0,"7":0,"8":0,"9":0,"10":0,"11":0,"12":0,"13":0,"14":0,"15":0,"16":0},"f":{"0":0,"1":0,"2":0,"3":0,"4":0,"5":0},"b":{"0":[0,0],"1":[0,0],"2":[0,0]}}
,"F:\\云\\v0.1.2offix\\OFFIX\\OFFIX_NODE_JS-0.1.1\\src\\components\\common\\searchInput.vue": {"path":"F:\\云\\v0.1.2offix\\OFFIX\\OFFIX_NODE_JS-0.1.1\\src\\components\\common\\searchInput.vue","statementMap":{"0":{"start":{"line":1,"column":1},"end":{"line":52,"column":4}},"1":{"start":{"line":4,"column":0},"end":{"line":6,"column":3}},"2":{"start":{"line":15,"column":0},"end":{"line":51,"column":2}},"3":{"start":{"line":17,"column":4},"end":{"line":20,"column":6}},"4":{"start":{"line":25,"column":6},"end":{"line":29,"column":7}},"5":{"start":{"line":26,"column":8},"end":{"line":26,"column":36}},"6":{"start":{"line":28,"column":8},"end":{"line":28,"column":35}},"7":{"start":{"line":35,"column":6},"end":{"line":35,"column":52}},"8":{"start":{"line":41,"column":6},"end":{"line":41,"column":52}},"9":{"start":{"line":47,"column":6},"end":{"line":47,"column":30}},"10":{"start":{"line":48,"column":6},"end":{"line":48,"column":52}},"11":{"start":{"line":53,"column":0},"end":{"line":53,"column":70}},"12":{"start":{"line":53,"column":31},"end":{"line":53,"column":70}},"13":{"start":{"line":54,"column":24},"end":{"line":54,"column":100}},"14":{"start":{"line":55,"column":0},"end":{"line":55,"column":812}},"15":{"start":{"line":55,"column":54},"end":{"line":55,"column":58}},"16":{"start":{"line":55,"column":66},"end":{"line":55,"column":84}},"17":{"start":{"line":55,"column":92},"end":{"line":55,"column":108}},"18":{"start":{"line":55,"column":109},"end":{"line":55,"column":811}},"19":{"start":{"line":55,"column":405},"end":{"line":55,"column":492}},"20":{"start":{"line":55,"column":478},"end":{"line":55,"column":490}},"21":{"start":{"line":55,"column":492},"end":{"line":55,"column":510}},"22":{"start":{"line":55,"column":538},"end":{"line":55,"column":576}},"23":{"start":{"line":55,"column":567},"end":{"line":55,"column":574}},"24":{"start":{"line":55,"column":576},"end":{"line":55,"column":613}},"25":{"start":{"line":56,"column":0},"end":{"line":56,"column":37}}},"fnMap":{"0":{"name":"(anonymous_0)","decl":{"start":{"line":1,"column":2},"end":{"line":1,"column":3}},"loc":{"start":{"line":1,"column":12},"end":{"line":52,"column":1}},"line":1},"1":{"name":"data","decl":{"start":{"line":16,"column":17},"end":{"line":16,"column":21}},"loc":{"start":{"line":16,"column":24},"end":{"line":21,"column":3}},"line":16},"2":{"name":"searchContent","decl":{"start":{"line":24,"column":28},"end":{"line":24,"column":41}},"loc":{"start":{"line":24,"column":47},"end":{"line":30,"column":5}},"line":24},"3":{"name":"search","decl":{"start":{"line":34,"column":21},"end":{"line":34,"column":27}},"loc":{"start":{"line":34,"column":30},"end":{"line":36,"column":5}},"line":34},"4":{"name":"searchInput","decl":{"start":{"line":40,"column":26},"end":{"line":40,"column":37}},"loc":{"start":{"line":40,"column":40},"end":{"line":42,"column":5}},"line":40},"5":{"name":"searchInit","decl":{"start":{"line":46,"column":25},"end":{"line":46,"column":35}},"loc":{"start":{"line":46,"column":38},"end":{"line":49,"column":5}},"line":46},"6":{"name":"render","decl":{"start":{"line":55,"column":35},"end":{"line":55,"column":41}},"loc":{"start":{"line":55,"column":45},"end":{"line":55,"column":812}},"line":55},"7":{"name":"(anonymous_7)","decl":{"start":{"line":55,"column":388},"end":{"line":55,"column":389}},"loc":{"start":{"line":55,"column":404},"end":{"line":55,"column":511}},"line":55},"8":{"name":"(anonymous_8)","decl":{"start":{"line":55,"column":521},"end":{"line":55,"column":522}},"loc":{"start":{"line":55,"column":537},"end":{"line":55,"column":614}},"line":55}},"branchMap":{"0":{"loc":{"start":{"line":25,"column":6},"end":{"line":29,"column":7}},"type":"if","locations":[{"start":{"line":25,"column":6},"end":{"line":29,"column":7}},{"start":{"line":25,"column":6},"end":{"line":29,"column":7}}],"line":25},"1":{"loc":{"start":{"line":53,"column":0},"end":{"line":53,"column":70}},"type":"if","locations":[{"start":{"line":53,"column":0},"end":{"line":53,"column":70}},{"start":{"line":53,"column":0},"end":{"line":53,"column":70}}],"line":53},"2":{"loc":{"start":{"line":54,"column":24},"end":{"line":54,"column":100}},"type":"cond-expr","locations":[{"start":{"line":54,"column":62},"end":{"line":54,"column":84}},{"start":{"line":54,"column":86},"end":{"line":54,"column":100}}],"line":54},"3":{"loc":{"start":{"line":55,"column":92},"end":{"line":55,"column":108}},"type":"binary-expr","locations":[{"start":{"line":55,"column":92},"end":{"line":55,"column":104}},{"start":{"line":55,"column":106},"end":{"line":55,"column":108}}],"line":55},"4":{"loc":{"start":{"line":55,"column":405},"end":{"line":55,"column":492}},"type":"if","locations":[{"start":{"line":55,"column":405},"end":{"line":55,"column":492}},{"start":{"line":55,"column":405},"end":{"line":55,"column":492}}],"line":55},"5":{"loc":{"start":{"line":55,"column":408},"end":{"line":55,"column":475}},"type":"binary-expr","locations":[{"start":{"line":55,"column":408},"end":{"line":55,"column":429}},{"start":{"line":55,"column":431},"end":{"line":55,"column":475}}],"line":55},"6":{"loc":{"start":{"line":55,"column":538},"end":{"line":55,"column":576}},"type":"if","locations":[{"start":{"line":55,"column":538},"end":{"line":55,"column":576}},{"start":{"line":55,"column":538},"end":{"line":55,"column":576}}],"line":55},"7":{"loc":{"start":{"line":55,"column":647},"end":{"line":55,"column":809}},"type":"cond-expr","locations":[{"start":{"line":55,"column":668},"end":{"line":55,"column":724}},{"start":{"line":55,"column":725},"end":{"line":55,"column":809}}],"line":55}},"s":{"0":0,"1":0,"2":0,"3":0,"4":0,"5":0,"6":0,"7":0,"8":0,"9":0,"10":0,"11":0,"12":0,"13":0,"14":0,"15":0,"16":0,"17":0,"18":0,"19":0,"20":0,"21":0,"22":0,"23":0,"24":0,"25":0},"f":{"0":0,"1":0,"2":0,"3":0,"4":0,"5":0,"6":0,"7":0,"8":0},"b":{"0":[0,0],"1":[0,0],"2":[0,0],"3":[0,0],"4":[0,0],"5":[0,0],"6":[0,0],"7":[0,0]}}
,"F:\\云\\v0.1.2offix\\OFFIX\\OFFIX_NODE_JS-0.1.1\\src\\components\\common\\topBar.vue": {"path":"F:\\云\\v0.1.2offix\\OFFIX\\OFFIX_NODE_JS-0.1.1\\src\\components\\common\\topBar.vue","statementMap":{"0":{"start":{"line":1,"column":1},"end":{"line":40,"column":4}},"1":{"start":{"line":4,"column":0},"end":{"line":6,"column":3}},"2":{"start":{"line":8,"column":14},"end":{"line":8,"column":41}},"3":{"start":{"line":10,"column":0},"end":{"line":27,"column":2}},"4":{"start":{"line":13,"column":4},"end":{"line":17,"column":6}},"5":{"start":{"line":23,"column":6},"end":{"line":23,"column":40}},"6":{"start":{"line":24,"column":6},"end":{"line":24,"column":29}},"7":{"start":{"line":41,"column":0},"end":{"line":41,"column":70}},"8":{"start":{"line":41,"column":31},"end":{"line":41,"column":70}},"9":{"start":{"line":42,"column":24},"end":{"line":42,"column":100}},"10":{"start":{"line":43,"column":0},"end":{"line":43,"column":446}},"11":{"start":{"line":43,"column":54},"end":{"line":43,"column":58}},"12":{"start":{"line":43,"column":66},"end":{"line":43,"column":84}},"13":{"start":{"line":43,"column":92},"end":{"line":43,"column":108}},"14":{"start":{"line":43,"column":109},"end":{"line":43,"column":445}},"15":{"start":{"line":44,"column":0},"end":{"line":44,"column":37}}},"fnMap":{"0":{"name":"(anonymous_0)","decl":{"start":{"line":1,"column":2},"end":{"line":1,"column":3}},"loc":{"start":{"line":1,"column":12},"end":{"line":40,"column":1}},"line":1},"1":{"name":"data","decl":{"start":{"line":12,"column":17},"end":{"line":12,"column":21}},"loc":{"start":{"line":12,"column":24},"end":{"line":18,"column":3}},"line":12},"2":{"name":"signOut","decl":{"start":{"line":22,"column":22},"end":{"line":22,"column":29}},"loc":{"start":{"line":22,"column":32},"end":{"line":25,"column":5}},"line":22},"3":{"name":"render","decl":{"start":{"line":43,"column":35},"end":{"line":43,"column":41}},"loc":{"start":{"line":43,"column":45},"end":{"line":43,"column":446}},"line":43}},"branchMap":{"0":{"loc":{"start":{"line":41,"column":0},"end":{"line":41,"column":70}},"type":"if","locations":[{"start":{"line":41,"column":0},"end":{"line":41,"column":70}},{"start":{"line":41,"column":0},"end":{"line":41,"column":70}}],"line":41},"1":{"loc":{"start":{"line":42,"column":24},"end":{"line":42,"column":100}},"type":"cond-expr","locations":[{"start":{"line":42,"column":62},"end":{"line":42,"column":84}},{"start":{"line":42,"column":86},"end":{"line":42,"column":100}}],"line":42},"2":{"loc":{"start":{"line":43,"column":92},"end":{"line":43,"column":108}},"type":"binary-expr","locations":[{"start":{"line":43,"column":92},"end":{"line":43,"column":104}},{"start":{"line":43,"column":106},"end":{"line":43,"column":108}}],"line":43}},"s":{"0":0,"1":0,"2":0,"3":0,"4":0,"5":0,"6":0,"7":0,"8":0,"9":0,"10":0,"11":0,"12":0,"13":0,"14":0,"15":0},"f":{"0":0,"1":0,"2":0,"3":0},"b":{"0":[0,0],"1":[0,0],"2":[0,0]}}
,"F:\\云\\v0.1.2offix\\OFFIX\\OFFIX_NODE_JS-0.1.1\\src\\components\\email\\index.vue": {"path":"F:\\云\\v0.1.2offix\\OFFIX\\OFFIX_NODE_JS-0.1.1\\src\\components\\email\\index.vue","statementMap":{"0":{"start":{"line":1,"column":1},"end":{"line":43,"column":4}},"1":{"start":{"line":4,"column":0},"end":{"line":6,"column":3}},"2":{"start":{"line":36,"column":0},"end":{"line":42,"column":2}},"3":{"start":{"line":38,"column":4},"end":{"line":38,"column":14}},"4":{"start":{"line":44,"column":0},"end":{"line":44,"column":70}},"5":{"start":{"line":44,"column":31},"end":{"line":44,"column":70}},"6":{"start":{"line":45,"column":24},"end":{"line":45,"column":100}},"7":{"start":{"line":46,"column":0},"end":{"line":46,"column":126}},"8":{"start":{"line":46,"column":54},"end":{"line":46,"column":58}},"9":{"start":{"line":46,"column":66},"end":{"line":46,"column":84}},"10":{"start":{"line":46,"column":92},"end":{"line":46,"column":108}},"11":{"start":{"line":46,"column":109},"end":{"line":46,"column":125}},"12":{"start":{"line":47,"column":0},"end":{"line":47,"column":1757}},"13":{"start":{"line":47,"column":64},"end":{"line":47,"column":68}},"14":{"start":{"line":47,"column":76},"end":{"line":47,"column":94}},"15":{"start":{"line":47,"column":102},"end":{"line":47,"column":118}},"16":{"start":{"line":47,"column":119},"end":{"line":47,"column":1755}}},"fnMap":{"0":{"name":"(anonymous_0)","decl":{"start":{"line":1,"column":2},"end":{"line":1,"column":3}},"loc":{"start":{"line":1,"column":12},"end":{"line":43,"column":1}},"line":1},"1":{"name":"data","decl":{"start":{"line":37,"column":17},"end":{"line":37,"column":21}},"loc":{"start":{"line":37,"column":24},"end":{"line":39,"column":3}},"line":37},"2":{"name":"render","decl":{"start":{"line":46,"column":35},"end":{"line":46,"column":41}},"loc":{"start":{"line":46,"column":45},"end":{"line":46,"column":126}},"line":46},"3":{"name":"render","decl":{"start":{"line":47,"column":45},"end":{"line":47,"column":51}},"loc":{"start":{"line":47,"column":55},"end":{"line":47,"column":1756}},"line":47}},"branchMap":{"0":{"loc":{"start":{"line":44,"column":0},"end":{"line":44,"column":70}},"type":"if","locations":[{"start":{"line":44,"column":0},"end":{"line":44,"column":70}},{"start":{"line":44,"column":0},"end":{"line":44,"column":70}}],"line":44},"1":{"loc":{"start":{"line":45,"column":24},"end":{"line":45,"column":100}},"type":"cond-expr","locations":[{"start":{"line":45,"column":62},"end":{"line":45,"column":84}},{"start":{"line":45,"column":86},"end":{"line":45,"column":100}}],"line":45},"2":{"loc":{"start":{"line":46,"column":92},"end":{"line":46,"column":108}},"type":"binary-expr","locations":[{"start":{
[...]
,"column":37}}},"fnMap":{"0":{"name":"(anonymous_0)","decl":{"start":{"line":1,"column":2},"end":{"line":1,"column":3}},"loc":{"start":{"line":1,"column":12},"end":{"line":475,"column":1}},"line":1},"1":{"name":"_interopRequireDefault","decl":{"start":{"line":16,"column":9},"end":{"line":16,"column":31}},"loc":{"start":{"line":16,"column":37},"end":{"line":16,"column":95}},"line":16},"2":{"name":"data","decl":{"start":{"line":22,"column":17},"end":{"line":22,"column":21}},"loc":{"start":{"line":22,"column":24},"end":{"line":43,"column":3}},"line":22},"3":{"name":"search","decl":{"start":{"line":48,"column":21},"end":{"line":48,"column":27}},"loc":{"start":{"line":48,"column":33},"end":{"line":51,"column":5}},"line":48},"4":{"name":"addStaff","decl":{"start":{"line":55,"column":23},"end":{"line":55,"column":31}},"loc":{"start":{"line":55,"column":34},"end":{"line":57,"column":5}},"line":55},"5":{"name":"editStaff","decl":{"start":{"line":61,"column":24},"end":{"line":61,"column":33}},"loc":{"start":{"line":61,"column":41},"end":{"line":78,"column":5}},"line":61},"6":{"name":"(anonymous_6)","decl":{"start":{"line":66,"column":55},"end":{"line":66,"column":56}},"loc":{"start":{"line":66,"column":70},"end":{"line":77,"column":7}},"line":66},"7":{"name":"numberFocus","decl":{"start":{"line":82,"column":26},"end":{"line":82,"column":37}},"loc":{"start":{"line":82,"column":40},"end":{"line":86,"column":5}},"line":82},"8":{"name":"numberBlur","decl":{"start":{"line":90,"column":25},"end":{"line":90,"column":35}},"loc":{"start":{"line":90,"column":38},"end":{"line":92,"column":5}},"line":90},"9":{"name":"numberInput","decl":{"start":{"line":96,"column":26},"end":{"line":96,"column":37}},"loc":{"start":{"line":96,"column":40},"end":{"line":104,"column":5}},"line":96},"10":{"name":"jobFocus","decl":{"start":{"line":108,"column":23},"end":{"line":108,"column":31}},"loc":{"start":{"line":108,"column":34},"end":{"line":112,"column":5}},"line":108},"11":{"name":"jobBlur","decl":{"start":{"line":116,"column":22},"end":{"line":116,"column":29}},"loc":{"start":{"line":116,"column":32},"end":{"line":122,"column":5}},"line":116},"12":{"name":"jobChange","decl":{"start":{"line":126,"column":24},"end":{"line":126,"column":33}},"loc":{"start":{"line":126,"column":36},"end":{"line":128,"column":5}},"line":126},"13":{"name":"popupSure","decl":{"start":{"line":132,"column":24},"end":{"line":132,"column":33}},"loc":{"start":{"line":132,"column":36},"end":{"line":245,"column":5}},"line":132},"14":{"name":"(anonymous_14)","decl":{"start":{"line":155,"column":61},"end":{"line":155,"column":62}},"loc":{"start":{"line":155,"column":76},"end":{"line":159,"column":9}},"line":155},"15":{"name":"(anonymous_15)","decl":{"start":{"line":159,"column":17},"end":{"line":159,"column":18}},"loc":{"start":{"line":159,"column":32},"end":{"line":161,"column":9}},"line":159},"16":{"name":"(anonymous_16)","decl":{"start":{"line":198,"column":45},"end":{"line":198,"column":46}},"loc":{"start":{"line":198,"column":59},"end":{"line":201,"column":9}},"line":198},"17":{"name":"(anonymous_17)","decl":{"start":{"line":235,"column":60},"end":{"line":235,"column":61}},"loc":{"start":{"line":235,"column":75},"end":{"line":237,"column":11}},"line":235},"18":{"name":"(anonymous_18)","decl":{"start":{"line":237,"column":19},"end":{"line":237,"column":20}},"loc":{"start":{"line":237,"column":34},"end":{"line":239,"column":11}},"line":237},"19":{"name":"popupCancel","decl":{"start":{"line":249,"column":26},"end":{"line":249,"column":37}},"loc":{"start":{"line":249,"column":40},"end":{"line":256,"column":5}},"line":249},"20":{"name":"getStaffList","decl":{"start":{"line":260,"column":27},"end":{"line":260,"column":39}},"loc":{"start":{"line":260,"column":42},"end":{"line":271,"column":5}},"line":260},"21":{"name":"(anonymous_21)","decl":{"start":{"line":264,"column":70},"end":{"line":264,"column":71}},"loc":{"start":{"line":264,"column":85},"end":{"line":268,"column":7}},"line":264},"22":{"name":"(anonymous_22)","decl":{"start":{"line":268,"column":15},"end":{"line":268,"column":16}},"loc":{"start":{"line":268,"column":30},"end":{"line":270,"column":7}},"line":268},"23":{"name":"emailFocus","decl":{"start":{"line":275,"column":25},"end":{"line":275,"column":35}},"loc":{"start":{"line":275,"column":49},"end":{"line":281,"column":5}},"line":275},"24":{"name":"emailBlur","decl":{"start":{"line":285,"column":24},"end":{"line":285,"column":33}},"loc":{"start":{"line":285,"column":41},"end":{"line":293,"column":5}},"line":285},"25":{"name":"emailInput","decl":{"start":{"line":297,"column":25},"end":{"line":297,"column":35}},"loc":{"start":{"line":297,"column":49},"end":{"line":300,"column":5}},"line":297},"26":{"name":"getJob","decl":{"start":{"line":303,"column":21},"end":{"line":303,"column":27}},"loc":{"start":{"line":303,"column":30},"end":{"line":311,"column":5}},"line":303},"27":{"name":"(anonymous_27)","decl":{"start":{"line":307,"column":50},"end":{"line":307,"column":51}},"loc":{"start":{"line":307,"column":65},"end":{"line":310,"column":7}},"line":307},"28":{"name":"created","decl":{"start":{"line":313,"column":20},"end":{"line":313,"column":27}},"loc":{"start":{"line":313,"column":30},"end":{"line":316,"column":3}},"line":313},"29":{"name":"render","decl":{"start":{"line":478,"column":35},"end":{"line":478,"column":41}},"loc":{"start":{"line":478,"column":45},"end":{"line":478,"column":5546}},"line":478},"30":{"name":"(anonymous_30)","decl":{"start":{"line":478,"column":798},"end":{"line":478,"column":799}},"loc":{"start":{"line":478,"column":813},"end":{"line":478,"column":1004}},"line":478},"31":{"name":"(anonymous_31)","decl":{"start":{"line":478,"column":1470},"end":{"line":478,"column":1471}},"loc":{"start":{"line":478,"column":1485},"end":{"line":478,"column":1626}},"line":478},"32":{"name":"(anonymous_32)","decl":{"start":{"line":478,"column":1723},"end":{"line":478,"column":1724}},"loc":{"start":{"line":478,"column":1738},"end":{"line":478,"column":1861}},"line":478},"33":{"name":"(anonymous_33)","decl":{"start":{"line":478,"column":1814},"end":{"line":478,"column":1815}},"loc":{"start":{"line":478,"column":1830},"end":{"line":478,"column":1856}},"line":478},"34":{"name":"(anonymous_34)","decl":{"start":{"line":478,"column":2803},"end":{"line":478,"column":2804}},"loc":{"start":{"line":478,"column":2819},"end":{"line":478,"column":2838}},"line":478},"35":{"name":"(anonymous_35)","decl":{"start":{"line":478,"column":2846},"end":{"line":478,"column":2847}},"loc":{"start":{"line":478,"column":2862},"end":{"line":478,"column":2880}},"line":478},"36":{"name":"(anonymous_36)","decl":{"start":{"line":478,"column":2889},"end":{"line":478,"column":2890}},"loc":{"start":{"line":478,"column":2905},"end":{"line":478,"column":2924}},"line":478},"37":{"name":"(anonymous_37)","decl":{"start":{"line":478,"column":2966},"end":{"line":478,"column":2967}},"loc":{"start":{"line":478,"column":2981},"end":{"line":478,"column":3002}},"line":478},"38":{"name":"(anonymous_38)","decl":{"start":{"line":478,"column":3553},"end":{"line":478,"column":3554}},"loc":{"start":{"line":478,"column":3568},"end":{"line":478,"column":3586}},"line":478},"39":{"name":"(anonymous_39)","decl":{"start":{"line":478,"column":3637},"end":{"line":478,"column":3638}},"loc":{"start":{"line":478,"column":3651},"end":{"line":478,"column":3736}},"line":478},"40":{"name":"(anonymous_40)","decl":{"start":{"line":478,"column":4694},"end":{"line":478,"column":4695}},"loc":{"start":{"line":478,"column":4715},"end":{"line":478,"column":5368}},"line":478},"41":{"name":"(anonymous_41)","decl":{"start":{"line":478,"column":4906},"end":{"line":478,"column":4907}},"loc":{"start":{"line":478,"column":4922},"end":{"line":478,"column":4962}},"line":478},"42":{"name":"(anonymous_42)","decl":{"start":{"line":478,"column":4970},"end":{"line":478,"column":4971}},"loc":{"start":{"line":478,"column":4986},"end":{"line":478,"column":5008}},"line":478},"43":{"name":"(anonymous_43)","decl":{"start":{"line":478,"column":5017},"end":{"line":478,"column":5018}},"loc":{"start":{"line":478,"column":5033},"end":{"line":478,"column":5073}},"line":478},"44":{"name":"(anonymous_44)","decl":{"start":{"line":478,"column":5111},"end":{"line":478,"column":5112}},"loc":{"start":{"line":478,"column":5126},"end":{"line":478,"column":5157}},"line":478}},"branchMap":{"0":{"loc":{"start":{"line":16,"column":46},"end":{"line":16,"column":92}},"type":"cond-expr","locations":[{"start":{"line":16,"column":70},"end":{"line":16,"column":73}},{"start":{"line":16,"column":76},"end":{"line":16,"column":92}}],"line":16},"1":{"loc":{"start":{"line":16,"column":46},"end":{"line":16,"column":67}},"type":"binary-expr","locations":[{"start":{"line":16,"column":46},"end":{"line":16,"column":49}},{"start":{"line":16,"column":53},"end":{"line":16,"column":67}}],"line":16},"2":{"loc":{"start":{"line":75,"column":26},"end":{"line":75,"column":75}},"type":"cond-expr","locations":[{"start":{"line":75,"column":44},"end":{"line":75,"column":70}},{"start":{"line":75,"column":73},"end":{"line":75,"column":75}}],"line":75},"3":{"loc":{"start":{"line":83,"column":6},"end":{"line":85,"column":7}},"type":"if","locations":[{"start":{"line":83,"column":6},"end":{"line":85,"column":7}},{"start":{"line":83,"column":6},"end":{"line":85,"column":7}}],"line":83},"4":{"loc":{"start":{"line":99,"column":6},"end":{"line":103,"column":7}},"type":"if","locations":[{"start":{"line":99,"column":6},"end":{"line":103,"column":7}},{"start":{"line":99,"column":6},"end":{"line":103,"column":7}}],"line":99},"5":{"loc":{"start":{"line":109,"column":6},"end":{"line":111,"column":7}},"type":"if","locations":[{"start":{"line":109,"column":6},"end":{"line":111,"column":7}},{"start":{"line":109,"column":6},"end":{"line":111,"column":7}}],"line":109},"6":{"loc":{"start":{"line":117,"column":6},"end":{"line":121,"column":7}},"type":"if","locations":[{"start":{"line":117,"column":6},"end":{"line":121,"column":7}},{"start":{"line":117,"column":6},"end":{"line":121,"column":7}}],"line":117},"7":{"loc":{"start":{"line":117,"column":10},"end":{"line":117,"column":48}},"type":"binary-expr","locations":[{"start":{"line":117,"column":10},"end":{"line":117,"column":23}},{"start":{"line":117,"column":27},"end":{"line":117,"column":48}}],"line":117},"8":{"loc":{"start":{"line":138,"column":6},"end":{"line":142,"column":7}},"type":"if","locations":[{"start":{"line":138,"column":6},"end":{"line":142,"column":7}},{"start":{"line":138,"column":6},"end":{"line":142,"column":7}}],"line":138},"9":{"loc":{"start":{"line":144,"column":6},"end":{"line":148,"column":7}},"type":"if","locations":[{"start":{"line":144,"column":6},"end":{"line":148,"column":7}},{"start":{"line":144,"column":6},"end":{"line":148,"column":7}}],"line":144},"10":{"loc":{"start":{"line":150,"column":6},"end":{"line":150,"column":58}},"type":"if","locations":[{"start":{"line":150,"column":6},"end":{"line":150,"column":58}},{"start":{"line":150,"column":6},"end":{"line":150,"column":58}}],"line":150},"11":{"loc":{"start":{"line":150,"column":10},"end":{"line":150,"column":49}},"type":"binary-expr","locations":[{"start":{"line":150,"column":10},"end":{"line":150,"column":29}},{"start":{"line":150,"column":33},"end":{"line":150,"column":49}}],"line":150},"12":{"loc":{"start":{"line":152,"column":6},"end":{"line":244,"column":7}},"type":"if","locations":[{"start":{"line":152,"column":6},"end":{"line":244,"column":7}},{"start":{"line":152,"column":6},"end":{"line":244,"column":7}}],"line":152},"13":{"loc":{"start":{"line":174,"column":12},"end":{"line":177,"column":13}},"type":"if","locations":[{"start":{"line":174,"column":12},"end":{"line":177,"column":13}},{"start":{"line":174,"column":12},"end":{"line":177,"column":13}}],"line":174},"14":{"loc":{"start":{"line":184,"column":12},"end":{"line":186,"column":13}},"type":"if","locations":[{"start":{"line":184,"column":12},"end":{"line":186,"column":13}},{"start":{"line":184,"column":12},"end":{"line":186,"column":13}}],"line":184},"15":{"loc":{"start":{"line":184,"column":16},"end":{"line":184,"column":62}},"type":"binary-expr","locations":[{"start":{"line":184,"column":16},"end":{"line":184,"column":42}},{"start":{"line":184,"column":46},"end":{"line":184,"column":62}}],"line":184},"16":{"loc":{"start":{"line":188,"column":12},"end":{"line":190,"column":13}},"type":"if","locations":[{"start":{"line":188,"column":12},"end":{"line":190,"column":13}},{"start":{"line":188,"column":12},"end":{"line":190,"column":13}}],"line":188},"17":{"loc":{"start":{"line":196,"column":8},"end":{"line":196,"column":28}},"type":"if","locations":[{"start":{"line":196,"column":8},"end":{"line":196,"column":28}},{"start":{"line":196,"column":8},"end":{"line":196,"column":28}}],"line":196},"18":{"loc":{"start":{"line":203,"column":8},"end":{"line":231,"column":9}},"type":"if","locations":[{"start":{"line":203,"column":8},"end":{"line":231,"column":9}},{"start":{"line":203,"column":8},"end":{"line":231,"column":9}}],"line":203},"19":{"loc":{"start":{"line":213,"column":14},"end":{"line":215,"column":15}},"type":"if","locations":[{"start":{"line":213,"column":14},"end":{"line":215,"column":15}},{"start":{"line":213,"column":14},"end":{"line":215,"column":15}}],"line":213},"20":{"loc":{"start":{"line":213,"column":18},"end":{"line":213,"column":47}},"type":"binary-expr","locations":[{"start":{"line":213,"column":18},"end":{"line":213,"column":33}},{"start":{"line":213,"column":37},"end":{"line":213,"column":47}}],"line":213},"21":{"loc":{"start":{"line":222,"column":14},"end":{"line":224,"column":15}},"type":"if","locations":[{"start":{"line":222,"column":14},"end":{"line":224,"column":15}},{"start":{"line":222,"column":14},"end":{"line":224,"column":15}}],"line":222},"22":{"loc":{"start":{"line":222,"column":18},"end":{"line":222,"column":66}},"type":"binary-expr","locations":[{"start":{"line":222,"column":18},"end":{"line":222,"column":45}},{"start":{"line":222,"column":49},"end":{"line":222,"column":66}}],"line":222},"23":{"loc":{"start":{"line":226,"column":14},"end":{"line":228,"column":15}},"type":"if","locations":[{"start":{"line":226,"column":14},"end":{"line":228,"column":15}},{"start":{"line":226,"column":14},"end":{"line":228,"column":15}}],"line":226},"24":{"loc":{"start":{"line":232,"column":8},"end":{"line":240,"column":9}},"type":"if","locations":[{"start":{"line":232,"column":8},"end":{"line":240,"column":9}},{"start":{"line":232,"column":8},"end":{"line":240,"column":9}}],"line":232},"25":{"loc":{"start":{"line":250,"column":6},"end":{"line":255,"column":7}},"type":"if","locations":[{"start":{"line":250,"column":6},"end":{"line":255,"column":7}},{"start":{"line":250,"column":6},"end":{"line":255,"column":7}}],"line":250},"26":{"loc":{"start":{"line":276,"column":6},"end":{"line":276,"column":65}},"type":"if","locations":[{"start":{"line":276,"column":6},"end":{"line":276,"column":65}},{"start":{"line":276,"column":6},"end":{"line":276,"column":65}}],"line":276},"27":{"loc":{"start":{"line":277,"column":6},"end":{"line":279,"column":7}},"type":"if","locations":[{"start":{"line":277,"column":6},"end":{"line":279,"column":7}},{"start":{"line":277,"column":6},"end":{"line":279,"column":7}}],"line":277},"28":{"loc":{"start":{"line":287,"column":6},"end":{"line":291,"column":7}},"type":"if","locations":[{"start":{"line":287,"column":6},"end":{"line":291,"column":7}},{"start":{"line":287,"column":6},"end":{"line":291,"column":7}}],"line":287},"29":{"loc":{"start":{"line":287,"column":10},"end":{"line":287,"column":57}},"type":"binary-expr","locations":[{"start":{"line":287,"column":10},"end":{"line":287,"column":36}},{"start":{"line":287,"column":40},"end":{"line":287,"column":57}}],"line":287},"30":{"loc":{"start":{"line":298,"column":6},"end":{"line":298,"column":63}},"type":"if","locations":[{"start":{"line":298,"column":6},"end":{"line":298,"column":63}},{"start":{"line":298,"column":6},"end":{"line":298,"column":63}}],"line":298},"31":{"loc":{"start":{"line":476,"column":0},"end":{"line":476,"column":70}},"type":"if","locations":[{"start":{"line":476,"column":0},"end":{"line":476,"column":70}},{"start":{"line":476,"column":0},"end":{"line":476,"column":70}}],"line":476},"32":{"loc":{"start":{"line":477,"column":24},"end":{"line":477,"column":100}},"type":"cond-expr","locations":[{"start":{"line":477,"column":62},"end":{"line":477,"column":84}},{"start":{"line":477,"column":86},"end":{"line":477,"column":100}}],"line":477},"33":{"loc":{"start":{"line":478,"column":92},"end":{"line":478,"column":108}},"type":"binary-expr","locations":[{"start":{"line":478,"column":92},"end":{"line":478,"column":104}},{"start":{"line":478,"column":106},"end":{"line":478,"column":108}}],"line":478},"34":{"loc":{"start":{"line":478,"column":822},"end":{"line":478,"column":927}},"type":"cond-expr","locations":[{"start":{"line":478,"column":841},"end":{"line":478,"column":918}},{"start":{"line":478,"column":919},"end":{"line":478,"column":927}}],"line":478},"35":{"loc":{"start":{"line":478,"column":1494},"end":{"line":478,"column":1624}},"type":"cond-expr","locations":[{"start":{"line":478,"column":1519},"end":{"line":478,"column":1545}},{"start":{"line":478,"column":1546},"end":{"line":478,"column":1624}}],"line":478},"36":{"loc":{"start":{"line":478,"column":1546},"end":{"line":478,"column":1624}},"type":"cond-expr","locations":[{"start":{"line":478,"column":1571},"end":{"line":478,"column":1597}},{"start":{"line":478,"column":1598},"end":{"line":478,"column":1624}}],"line":478},"37":{"loc":{"start":{"line":478,"column":1887},"end":{"line":478,"column":4236}},"type":"cond-expr","locations":[{"start":{"line":478,"column":1902},"end":{"line":478,"column":4227}},{"start":{"line":478,"column":4228},"end":{"line":478,"column":4236}}],"line":478},"38":{"loc":{"start":{"line":478,"column":4249},"end":{"line":478,"column":5543}},"type":"cond-expr","locations":[{"start":{"line":478,"column":4263},"end":{"line":478,"column":5534}},{"start":{"line":478,"column":5535},"end":{"line":478,"column":5543}}],"line":478}},"s":{"0":0,"1":0,"2":0,"3":0,"4":0,"5":0,"6":0,"7":0,"8":0,"9":0,"10":0,"11":0,"12":0,"13":0,"14":0,"15":0,"16":0,"17":0,"18":0,"19":0,"20":0,"21":0,"22":0,"23":0,"24":0,"25":0,"26":0,"27":0,"28":0,"29":0,"30":0,"31":0,"32":0,"33":0,"34":0,"35":0,"36":0,"37":0,"38":0,"39":0,"40":0,"41":0,"42":0,"43":0,"44":0,"45":0,"46":0,"47":0,"48":0,"49":0,"50":0,"51":0,"52":0,"53":0,"54":0,"55":0,"56":0,"57":0,"58":0,"59":0,"60":0,"61":0,"62":0,"63":0,"64":0,"65":0,"66":0,"67":0,"68":0,"69":0,"70":0,"71":0,"72":0,"73":0,"74":0,"75":0,"76":0,"77":0,"78":0,"79":0,"80":0,"81":0,"82":0,"83":0,"84":0,"85":0,"86":0,"87":0,"88":0,"89":0,"90":0,"91":0,"92":0,"93":0,"94":0,"95":0,"96":0,"97":0,"98":0,"99":0,"100":0,"101":0,"102":0,"103":0,"104":0,"105":0,"106":0,"107":0,"108":0,"109":0,"110":0,"111":0,"112":0,"113":0,"114":0,"115":0,"116":0,"117":0,"118":0,"119":0,"120":0,"121":0,"122":0,"123":0,"124":0,"125":0,"126":0,"127":0,"128":0,"129":0,"130":0,"131":0,"132":0,"133":0,"134":0,"135":0,"136":0,"137":0,"138":0,"139":0,"140":0,"141":0,"142":0,"143":0,"144":0,"145":0,"146":0,"147":0,"148":0,"149":0,"150":0,"151":0,"152":0,"153":0,"154":0,"155":0},"f":{"0":0,"1":0,"2":0,"3":0,"4":0,"5":0,"6":0,"7":0,"8":0,"9":0,"10":0,"11":0,"12":0,"13":0,"14":0,"15":0,"16":0,"17":0,"18":0,"19":0,"20":0,"21":0,"22":0,"23":0,"24":0,"25":0,"26":0,"27":0,"28":0,"29":0,"30":0,"31":0,"32":0,"33":0,"34":0,"35":0,"36":0,"37":0,"38":0,"39":0,"40":0,"41":0,"42":0,"43":0,"44":0},"b":{"0":[0,0],"1":[0,0],"2":[0,0],"3":[0,0],"4":[0,0],"5":[0,0],"6":[0,0],"7":[0,0],"8":[0,0],"9":[0,0],"10":[0,0],"11":[0,0],"12":[0,0],"13":[0,0],"14":[0,0],"15":[0,0],"16":[0,0],"17":[0,0],"18":[0,0],"19":[0,0],"20":[0,0],"21":[0,0],"22":[0,0],"23":[0,0],"24":[0,0],"25":[0,0],"26":[0,0],"27":[0,0],"28":[0,0],"29":[0,0],"30":[0,0],"31":[0,0],"32":[0,0],"33":[0,0],"34":[0,0],"35":[0,0],"36":[0,0],"37":[0,0],"38":[0,0]}}
}
