TN:
SF:F:\云\v0.1.2offix\OFFIX\OFFIX_NODE_JS-0.1.1\src\App.vue
FN:1,(anonymous_0)
FN:20,render
FNF:2
FNH:0
FNDA:0,(anonymous_0)
FNDA:0,render
DA:1,0
DA:4,0
DA:14,0
DA:18,0
DA:19,0
DA:20,0
DA:21,0
LF:7
LH:0
BRDA:18,0,0,0
BRDA:18,0,1,0
BRDA:19,1,0,0
BRDA:19,1,1,0
BRDA:20,2,0,0
BRDA:20,2,1,0
BRF:6
BRH:0
end_of_record
TN:
SF:F:\云\v0.1.2offix\OFFIX\OFFIX_NODE_JS-0.1.1\src\api\api.js
FNF:0
FNH:0
LF:0
LH:0
BRF:0
BRH:0
end_of_record
TN:
SF:F:\云\v0.1.2offix\OFFIX\OFFIX_NODE_JS-0.1.1\src\api\cookie.js
FN:21,setCookie
FN:21,getCookie
FN:21,delCookie
FNF:3
FNH:0
FNDA:0,setCookie
FNDA:0,getCookie
FNDA:0,delCookie
DA:1,0
DA:7,0
DA:21,0
DA:22,0
LF:4
LH:0
BRDA:21,0,0,0
BRDA:21,0,1,0
BRDA:21,1,0,0
BRDA:21,1,1,0
BRDA:21,2,0,0
BRDA:21,2,1,0
BRF:6
BRH:0
end_of_record
TN:
SF:F:\云\v0.1.2offix\OFFIX\OFFIX_NODE_JS-0.1.1\src\api\utils.js
FN:2,(anonymous_0)
FN:3,checkStatus
FN:19,(anonymous_2)
FN:29,(anonymous_3)
FN:41,(anonymous_4)
FN:49,(anonymous_5)
FNF:6
FNH:0
FNDA:0,(anonymous_0)
FNDA:0,checkStatus
FNDA:0,(anonymous_2)
FNDA:0,(anonymous_3)
FNDA:0,(anonymous_4)
FNDA:0,(anonymous_5)
DA:1,0
DA:2,0
DA:5,0
DA:6,0
DA:8,0
DA:19,0
DA:20,0
DA:21,0
DA:30,0
DA:33,0
DA:34,0
DA:42,0
DA:49,0
DA:50,0
DA:52,0
DA:54,0
DA:56,0
DA:58,0
DA:60,0
DA:62,0
DA:63,0
DA:64,0
DA:65,0
DA:66,0
DA:67,0
DA:68,0
DA:69,0
DA:72,0
LF:28
LH:0
BRDA:5,0,0,0
BRDA:5,0,1,0
BRDA:5,1,0,0
BRDA:5,1,1,0
BRDA:20,2,0,0
BRDA:20,2,1,0
BRDA:23,3,0,0
BRDA:23,3,1,0
BRDA:27,4,0,0
BRDA:27,4,1,0
BRDA:33,5,0,0
BRDA:33,5,1,0
BRDA:63,6,0,0
BRDA:63,6,1,0
BRDA:64,7,0,0
BRDA:64,7,1,0
BRDA:65,8,0,0
BRDA:65,8,1,0
BRDA:66,9,0,0
BRDA:66,9,1,0
BRDA:67,10,0,0
BRDA:67,10,1,0
BRF:22
BRH:0
end_of_record
TN:
SF:F:\云\v0.1.2offix\OFFIX\OFFIX_NODE_JS-0.1.1\src\assets\iconFont\iconfont.js
FN:1,(anonymous_0)
FN:1,(anonymous_1)
FN:1,ready
FN:1,loadFn
FN:1,IEContentLoaded
FN:1,init
FN:1,polling
FN:1,(anonymous_7)
FN:1,before
FN:1,prepend
FN:1,appendSvg
FNF:11
FNH:0
FNDA:0,(anonymous_0)
FNDA:0,(anonymous_1)
FNDA:0,ready
FNDA:0,loadFn
FNDA:0,IEContentLoaded
FNDA:0,init
FNDA:0,polling
FNDA:0,(anonymous_7)
FNDA:0,before
FNDA:0,prepend
FNDA:0,appendSvg
DA:1,0
LF:1
LH:0
BRDA:1,0,0,0
BRDA:1,0,1,0
BRDA:1,1,0,0
BRDA:1,1,1,0
BRDA:1,2,0,0
BRDA:1,2,1,0
BRDA:1,3,0,0
BRDA:1,3,1,0
BRDA:1,4,0,0
BRDA:1,4,1,0
BRDA:1,5,0,0
BRDA:1,5,1,0
BRDA:1,6,0,0
BRDA:1,6,1,0
BRDA:1,7,0,0
BRDA:1,7,1,0
BRDA:1,8,0,0
BRDA:1,8,1,0
BRDA:1,9,0,0
BRDA:1,9,1,0
BRF:20
BRH:0
end_of_record
TN:
SF:F:\云\v0.1.2offix\OFFIX\OFFIX_NODE_JS-0.1.1\src\components\common\atTopic.vue
FN:1,(anonymous_0)
FN:53,data
FN:84,content
FN:101,clickStop
FN:104,clickFunc
FN:112,searchKeyup
FN:118,input
FN:132,keyup
FN:178,keydown
FN:254,insert
FN:281,(anonymous_10)
FN:288,parseSubText
FN:294,(anonymous_12)
FN:300,loadData
FN:309,showLayer
FN:316,hiddenLayer
FN:320,getLayerText
FN:360,findEndIndex
FN:385,load
FN:388,(anonymous_19)
FN:393,(anonymous_20)
FN:403,getSelectionStart
FN:416,getSelectionEnd
FN:429,setCaretPosition
FN:446,render
FN:446,(anonymous_25)
FN:446,(anonymous_26)
FN:446,(anonymous_27)
FN:446,(anonymous_28)
FN:446,(anonymous_29)
FN:446,(anonymous_30)
FNF:31
FNH:0
FNDA:0,(anonymous_0)
FNDA:0,data
FNDA:0,content
FNDA:0,clickStop
FNDA:0,clickFunc
FNDA:0,searchKeyup
FNDA:0,input
FNDA:0,keyup
FNDA:0,keydown
FNDA:0,insert
FNDA:0,(anonymous_10)
FNDA:0,parseSubText
FNDA:0,(anonymous_12)
FNDA:0,loadData
FNDA:0,showLayer
FNDA:0,hiddenLayer
FNDA:0,getLayerText
FNDA:0,findEndIndex
FNDA:0,load
FNDA:0,(anonymous_19)
FNDA:0,(anonymous_20)
FNDA:0,getSelectionStart
FNDA:0,getSelectionEnd
FNDA:0,setCaretPosition
FNDA:0,render
FNDA:0,(anonymous_25)
FNDA:0,(anonymous_26)
FNDA:0,(anonymous_27)
FNDA:0,(anonymous_28)
FNDA:0,(anonymous_29)
FNDA:0,(anonymous_30)
DA:1,0
DA:4,0
DA:45,0
DA:54,0
DA:85,0
DA:86,0
DA:87,0
DA:88,0
DA:89,0
DA:90,0
DA:94,0
DA:102,0
DA:104,0
DA:105,0
DA:106,0
DA:107,0
DA:108,0
DA:110,0
DA:114,0
DA:119,0
DA:120,0
DA:121,0
DA:122,0
DA:124,0
DA:125,0
DA:126,0
DA:127,0
DA:129,0
DA:133,0
DA:134,0
DA:135,0
DA:137,0
DA:138,0
DA:139,0
DA:140,0
DA:145,0
DA:146,0
DA:149,0
DA:150,0
DA:151,0
DA:152,0
DA:154,0
DA:155,0
DA:156,0
DA:158,0
DA:160,0
DA:162,0
DA:163,0
DA:164,0
DA:165,0
DA:166,0
DA:175,0
DA:180,0
DA:181,0
DA:183,0
DA:184,0
DA:185,0
DA:186,0
DA:187,0
DA:190,0
DA:191,0
DA:192,0
DA:193,0
DA:195,0
DA:196,0
DA:197,0
DA:198,0
DA:199,0
DA:200,0
DA:201,0
DA:203,0
DA:204,0
DA:205,0
DA:206,0
DA:207,0
DA:208,0
DA:211,0
DA:212,0
DA:213,0
DA:214,0
DA:217,0
DA:218,0
DA:219,0
DA:220,0
DA:221,0
DA:222,0
DA:226,0
DA:227,0
DA:229,0
DA:230,0
DA:231,0
DA:232,0
DA:234,0
DA:237,0
DA:238,0
DA:239,0
DA:240,0
DA:243,0
DA:247,0
DA:248,0
DA:249,0
DA:256,0
DA:258,0
DA:259,0
DA:260,0
DA:261,0
DA:262,0
DA:267,0
DA:268,0
DA:269,0
DA:270,0
DA:271,0
DA:272,0
DA:274,0
DA:275,0
DA:276,0
DA:279,0
DA:281,0
DA:283,0
DA:286,0
DA:289,0
DA:290,0
DA:291,0
DA:292,0
DA:294,0
DA:295,0
DA:297,0
DA:301,0
DA:302,0
DA:303,0
DA:304,0
DA:305,0
DA:310,0
DA:311,0
DA:312,0
DA:313,0
DA:317,0
DA:321,0
DA:322,0
DA:323,0
DA:324,0
DA:326,0
DA:327,0
DA:328,0
DA:329,0
DA:330,0
DA:333,0
DA:334,0
DA:336,0
DA:338,0
DA:340,0
DA:341,0
DA:342,0
DA:343,0
DA:344,0
DA:345,0
DA:346,0
DA:350,0
DA:351,0
DA:352,0
DA:353,0
DA:354,0
DA:355,0
DA:358,0
DA:361,0
DA:362,0
DA:363,0
DA:367,0
DA:368,0
DA:370,0
DA:372,0
DA:374,0
DA:375,0
DA:377,0
DA:378,0
DA:379,0
DA:381,0
DA:383,0
DA:386,0
DA:388,0
DA:389,0
DA:393,0
DA:394,0
DA:404,0
DA:405,0
DA:406,0
DA:407,0
DA:408,0
DA:409,0
DA:410,0
DA:411,0
DA:412,0
DA:414,0
DA:417,0
DA:418,0
DA:419,0
DA:420,0
DA:421,0
DA:422,0
DA:423,0
DA:424,0
DA:425,0
DA:427,0
DA:430,0
DA:431,0
DA:432,0
DA:433,0
DA:434,0
DA:435,0
DA:436,0
DA:437,0
DA:438,0
DA:444,0
DA:445,0
DA:446,0
DA:447,0
LF:216
LH:0
BRDA:86,0,0,0
BRDA:86,0,1,0
BRDA:86,1,0,0
BRDA:86,1,1,0
BRDA:89,2,0,0
BRDA:89,2,1,0
BRDA:105,3,0,0
BRDA:105,3,1,0
BRDA:120,4,0,0
BRDA:120,4,1,0
BRDA:125,5,0,0
BRDA:125,5,1,0
BRDA:133,6,0,0
BRDA:133,6,1,0
BRDA:137,7,0,0
BRDA:137,7,1,0
BRDA:138,8,0,0
BRDA:138,8,1,0
BRDA:146,9,0,0
BRDA:146,9,1,0
BRDA:146,10,0,0
BRDA:146,10,1,0
BRDA:150,11,0,0
BRDA:150,11,1,0
BRDA:152,12,0,0
BRDA:152,12,1,0
BRDA:154,13,0,0
BRDA:154,13,1,0
BRDA:162,14,0,0
BRDA:162,14,1,0
BRDA:164,15,0,0
BRDA:164,15,1,0
BRDA:180,16,0,0
BRDA:180,16,1,0
BRDA:180,17,0,0
BRDA:180,17,1,0
BRDA:180,17,2,0
BRDA:181,18,0,0
BRDA:181,18,1,0
BRDA:181,18,2,0
BRDA:185,19,0,0
BRDA:185,19,1,0
BRDA:196,20,0,0
BRDA:196,20,1,0
BRDA:204,21,0,0
BRDA:204,21,1,0
BRDA:211,22,0,0
BRDA:211,22,1,0
BRDA:213,23,0,0
BRDA:213,23,1,0
BRDA:218,24,0,0
BRDA:218,24,1,0
BRDA:219,25,0,0
BRDA:219,25,1,0
BRDA:221,26,0,0
BRDA:221,26,1,0
BRDA:221,27,0,0
BRDA:221,27,1,0
BRDA:230,28,0,0
BRDA:230,28,1,0
BRDA:231,29,0,0
BRDA:231,29,1,0
BRDA:237,30,0,0
BRDA:237,30,1,0
BRDA:239,31,0,0
BRDA:239,31,1,0
BRDA:247,32,0,0
BRDA:247,32,1,0
BRDA:256,33,0,0
BRDA:256,33,1,0
BRDA:260,34,0,0
BRDA:260,34,1,0
BRDA:264,35,0,0
BRDA:264,35,1,0
BRDA:267,36,0,0
BRDA:267,36,1,0
BRDA:269,37,0,0
BRDA:269,37,1,0
BRDA:269,38,0,0
BRDA:269,38,1,0
BRDA:269,39,0,0
BRDA:269,39,1,0
BRDA:269,40,0,0
BRDA:269,40,1,0
BRDA:275,41,0,0
BRDA:275,41,1,0
BRDA:290,42,0,0
BRDA:290,42,1,0
BRDA:303,43,0,0
BRDA:303,43,1,0
BRDA:303,44,0,0
BRDA:303,44,1,0
BRDA:313,45,0,0
BRDA:313,45,1,0
BRDA:321,46,0,0
BRDA:321,46,1,0
BRDA:329,47,0,0
BRDA:329,47,1,0
BRDA:329,48,0,0
BRDA:329,48,1,0
BRDA:329,48,2,0
BRDA:329,48,3,0
BRDA:330,49,0,0
BRDA:330,49,1,0
BRDA:336,50,0,0
BRDA:336,50,1,0
BRDA:338,51,0,0
BRDA:338,51,1,0
BRDA:340,52,0,0
BRDA:340,52,1,0
BRDA:343,53,0,0
BRDA:343,53,1,0
BRDA:352,54,0,0
BRDA:352,54,1,0
BRDA:362,55,0,0
BRDA:362,55,1,0
BRDA:363,56,0,0
BRDA:363,56,1,0
BRDA:363,56,2,0
BRDA:363,56,3,0
BRDA:363,56,4,0
BRDA:367,57,0,0
BRDA:367,57,1,0
BRDA:374,58,0,0
BRDA:374,58,1,0
BRDA:378,59,0,0
BRDA:378,59,1,0
BRDA:378,60,0,0
BRDA:378,60,1,0
BRDA:386,61,0,0
BRDA:386,61,1,0
BRDA:404,62,0,0
BRDA:404,62,1,0
BRDA:406,63,0,0
BRDA:406,63,1,0
BRDA:417,64,0,0
BRDA:417,64,1,0
BRDA:419,65,0,0
BRDA:419,65,1,0
BRDA:430,66,0,0
BRDA:430,66,1,0
BRDA:433,67,0,0
BRDA:433,67,1,0
BRDA:444,68,0,0
BRDA:444,68,1,0
BRDA:445,69,0,0
BRDA:445,69,1,0
BRDA:446,70,0,0
BRDA:446,70,1,0
BRDA:446,71,0,0
BRDA:446,71,1,0
BRDA:446,72,0,0
BRDA:446,72,1,0
BRDA:446,73,0,0
BRDA:446,73,1,0
BRF:155
BRH:0
end_of_record
TN:
SF:F:\云\v0.1.2offix\OFFIX\OFFIX_NODE_JS-0.1.1\src\components\common\menuBar.vue
FN:1,(anonymous_0)
FN:19,data
FN:46,menuClick
FN:56,render
FN:56,(anonymous_4)
FN:56,(anonymous_5)
FNF:6
FNH:0
FNDA:0,(anonymous_0)
FNDA:0,data
FNDA:0,menuClick
FNDA:0,render
FNDA:0,(anonymous_4)
FNDA:0,(anonymous_5)
DA:1,0
DA:4,0
DA:18,0
DA:20,0
DA:47,0
DA:48,0
DA:54,0
DA:55,0
DA:56,0
DA:57,0
LF:10
LH:0
BRDA:54,0,0,0
BRDA:54,0,1,0
BRDA:55,1,0,0
BRDA:55,1,1,0
BRDA:56,2,0,0
BRDA:56,2,1,0
BRF:6
BRH:0
end_of_record
TN:
SF:F:\云\v0.1.2offix\OFFIX\OFFIX_NODE_JS-0.1.1\src\components\common\searchInput.vue
FN:1,(anonymous_0)
FN:16,data
FN:24,searchContent
FN:34,search
FN:40,searchInput
FN:46,searchInit
FN:55,render
FN:55,(anonymous_7)
FN:55,(anonymous_8)
FNF:9
FNH:0
FNDA:0,(anonymous_0)
FNDA:0,data
FNDA:0,searchContent
FNDA:0,search
FNDA:0,searchInput
FNDA:0,searchInit
FNDA:0,render
FNDA:0,(anonymous_7)
FNDA:0,(anonymous_8)
DA:1,0
DA:4,0
DA:15,0
DA:17,0
DA:25,0
DA:26,0
DA:28,0
DA:35,0
DA:41,0
DA:47,0
DA:48,0
DA:53,0
DA:54,0
DA:55,0
DA:56,0
LF:15
LH:0
BRDA:25,0,0,0
BRDA:25,0,1,0
BRDA:53,1,0,0
BRDA:53,1,1,0
BRDA:54,2,0,0
BRDA:54,2,1,0
BRDA:55,3,0,0
BRDA:55,3,1,0
BRDA:55,4,0,0
BRDA:55,4,1,0
BRDA:55,5,0,0
BRDA:55,5,1,0
BRDA:55,6,0,0
BRDA:55,6,1,0
BRDA:55,7,0,0
BRDA:55,7,1,0
BRF:16
BRH:0
end_of_record
TN:
SF:F:\云\v0.1.2offix\OFFIX\OFFIX_NODE_JS-0.1.1\src\components\common\topBar.vue
FN:1,(anonymous_0)
FN:12,data
FN:22,signOut
FN:43,render
FNF:4
FNH:0
FNDA:0,(anonymous_0)
FNDA:0,data
FNDA:0,signOut
FNDA:0,render
DA:1,0
DA:4,0
DA:8,0
DA:10,0
DA:13,0
DA:23,0
DA:24,0
DA:41,0
DA:42,0
DA:43,0
DA:44,0
LF:11
LH:0
BRDA:41,0,0,0
BRDA:41,0,1,0
BRDA:42,1,0,0
BRDA:42,1,1,0
BRDA:43,2,0,0
BRDA:43,2,1,0
BRF:6
BRH:0
end_of_record
TN:
SF:F:\云\v0.1.2offix\OFFIX\OFFIX_NODE_JS-0.1.1\src\components\email\index.vue
FN:1,(anonymous_0)
FN:37,data
FN:46,render
FN:47,render
FNF:4
FNH:0
FNDA:0,(anonymous_0)
FNDA:0,data
FNDA:0,render
FNDA:0,render
DA:1,0
DA:4,0
DA:36,0
DA:38,0
DA:44,0
DA:45,0
DA:46,0
DA:47,0
LF:8
LH:0
BRDA:44,0,0,0
BRDA:44,0,1,0
BRDA:45,1,0,0
BRDA:45,1,1,0
BRDA:46,2,0,0
BRDA:46,2,1,0
BRDA:47,3,0,0
BRDA:47,3,1,0
BRF:8
BRH:0
end_of_record
TN:
SF:F:\云\v0.1.2offix\OFFIX\OFFIX_NODE_JS-0.1.1\src\components\home\index.vue
FN:1,(anonymous_0)
FN:24,_interopRequireDefault
FN:44,data
FN:56,pathPush
FN:93,getCompany
FN:98,(anonymous_5)
FN:106,created
FN:109,mounted
FN:116,render
FNF:9
FNH:0
FNDA:0,(anonymous_0)
FNDA:0,_interopRequireDefault
FNDA:0,data
FNDA:0,pathPush
FNDA:0,getCompany
FNDA:0,(anonymous_5)
FNDA:0,created
FNDA:0,mounted
FNDA:0,render
DA:1,0
DA:4,0
DA:8,0
DA:10,0
DA:12,0
DA:14,0
DA:16,0
DA:18,0
DA:20,0
DA:22,0
DA:24,0
DA:39,0
DA:45,0
DA:58,0
DA:59,0
DA:60,0
DA:61,0
DA:63,0
DA:64,0
DA:65,0
DA:67,0
DA:68,0
DA:69,0
DA:71,0
DA:72,0
DA:76,0
DA:77,0
DA:79,0
DA:80,0
DA:81,0
DA:84,0
DA:85,0
DA:94,0
DA:96,0
DA:97,0
DA:98,0
DA:99,0
DA:100,0
DA:101,0
DA:102,0
DA:107,0
DA:110,0
DA:114,0
DA:115,0
DA:116,0
DA:117,0
LF:46
LH:0
BRDA:24,0,0,0
BRDA:24,0,1,0
BRDA:24,1,0,0
BRDA:24,1,1,0
BRDA:60,2,0,0
BRDA:60,2,1,0
BRDA:71,3,0,0
BRDA:71,3,1,0
BRDA:80,4,0,0
BRDA:80,4,1,0
BRDA:80,5,0,0
BRDA:80,5,1,0
BRDA:84,6,0,0
BRDA:84,6,1,0
BRDA:114,7,0,0
BRDA:114,7,1,0
BRDA:115,8,0,0
BRDA:115,8,1,0
BRDA:116,9,0,0
BRDA:116,9,1,0
BRF:20
BRH:0
end_of_record
TN:
SF:F:\云\v0.1.2offix\OFFIX\OFFIX_NODE_JS-0.1.1\src\components\infoMaintenance\index.vue
FN:1,(anonymous_0)
FN:11,data
FN:42,retrieval
FN:46,(anonymous_3)
FN:56,getStaffList
FN:60,(anonymous_5)
FN:63,(anonymous_6)
FN:69,industryList
FN:73,(anonymous_8)
FN:81,handleAvatarSuccess
FN:86,beforeAvatarUpload
FN:100,save
FN:107,(anonymous_12)
FN:118,(anonymous_13)
FN:123,(anonymous_14)
FN:130,changePwd
FN:134,autofocusEm
FN:145,autofocusPw
FN:156,created
FN:230,render
FN:230,(anonymous_20)
FN:230,(anonymous_21)
FN:230,(anonymous_22)
FN:230,(anonymous_23)
FN:230,(anonymous_24)
FN:230,(anonymous_25)
FN:230,(anonymous_26)
FN:230,(anonymous_27)
FN:230,(anonymous_28)
FN:230,(anonymous_29)
FN:230,(anonymous_30)
FN:230,(anonymous_31)
FNF:32
FNH:0
FNDA:0,(anonymous_0)
FNDA:0,data
FNDA:0,retrieval
FNDA:0,(anonymous_3)
FNDA:0,getStaffList
FNDA:0,(anonymous_5)
FNDA:0,(anonymous_6)
FNDA:0,industryList
FNDA:0,(anonymous_8)
FNDA:0,handleAvatarSuccess
FNDA:0,beforeAvatarUpload
FNDA:0,save
FNDA:0,(anonymous_12)
FNDA:0,(anonymous_13)
FNDA:0,(anonymous_14)
FNDA:0,changePwd
FNDA:0,autofocusEm
FNDA:0,autofocusPw
FNDA:0,created
FNDA:0,render
FNDA:0,(anonymous_20)
FNDA:0,(anonymous_21)
FNDA:0,(anonymous_22)
FNDA:0,(anonymous_23)
FNDA:0,(anonymous_24)
FNDA:0,(anonymous_25)
FNDA:0,(anonymous_26)
FNDA:0,(anonymous_27)
FNDA:0,(anonymous_28)
FNDA:0,(anonymous_29)
FNDA:0,(anonymous_30)
FNDA:0,(anonymous_31)
DA:1,0
DA:4,0
DA:8,0
DA:10,0
DA:12,0
DA:43,0
DA:45,0
DA:46,0
DA:47,0
DA:48,0
DA:49,0
DA:50,0
DA:51,0
DA:52,0
DA:53,0
DA:57,0
DA:59,0
DA:60,0
DA:61,0
DA:62,0
DA:64,0
DA:70,0
DA:72,0
DA:73,0
DA:74,0
DA:75,0
DA:83,0
DA:84,0
DA:87,0
DA:88,0
DA:90,0
DA:91,0
DA:93,0
DA:94,0
DA:96,0
DA:101,0
DA:103,0
DA:108,0
DA:118,0
DA:119,0
DA:124,0
DA:131,0
DA:132,0
DA:135,0
DA:136,0
DA:137,0
DA:138,0
DA:139,0
DA:140,0
DA:142,0
DA:146,0
DA:147,0
DA:148,0
DA:149,0
DA:150,0
DA:151,0
DA:157,0
DA:158,0
DA:160,0
DA:162,0
DA:164,0
DA:228,0
DA:229,0
DA:230,0
DA:231,0
LF:65
LH:0
BRDA:90,0,0,0
BRDA:90,0,1,0
BRDA:93,1,0,0
BRDA:93,1,1,0
BRDA:96,2,0,0
BRDA:96,2,1,0
BRDA:136,3,0,0
BRDA:136,3,1,0
BRDA:139,4,0,0
BRDA:139,4,1,0
BRDA:146,5,0,0
BRDA:146,5,1,0
BRDA:148,6,0,0
BRDA:148,6,1,0
BRDA:150,7,0,0
BRDA:150,7,1,0
BRDA:228,8,0,0
BRDA:228,8,1,0
BRDA:229,9,0,0
BRDA:229,9,1,0
BRDA:230,10,0,0
BRDA:230,10,1,0
BRDA:230,11,0,0
BRDA:230,11,1,0
BRDA:230,12,0,0
BRDA:230,12,1,0
BRDA:230,13,0,0
BRDA:230,13,1,0
BRF:28
BRH:0
end_of_record
TN:
SF:F:\云\v0.1.2offix\OFFIX\OFFIX_NODE_JS-0.1.1\src\components\login\index.vue
FN:1,(anonymous_0)
FN:11,data
FN:18,mounted
FN:31,login
FN:42,(anonymous_4)
FN:58,setCookie
FN:67,getCookie
FN:82,clearCookie
FN:86,created
FN:106,render
FN:106,(anonymous_10)
FN:106,(anonymous_11)
FN:106,(anonymous_12)
FN:106,(anonymous_13)
FNF:14
FNH:0
FNDA:0,(anonymous_0)
FNDA:0,data
FNDA:0,mounted
FNDA:0,login
FNDA:0,(anonymous_4)
FNDA:0,setCookie
FNDA:0,getCookie
FNDA:0,clearCookie
FNDA:0,created
FNDA:0,render
FNDA:0,(anonymous_10)
FNDA:0,(anonymous_11)
FNDA:0,(anonymous_12)
FNDA:0,(anonymous_13)
DA:1,0
DA:4,0
DA:8,0
DA:10,0
DA:12,0
DA:19,0
DA:20,0
DA:22,0
DA:23,0
DA:25,0
DA:26,0
DA:32,0
DA:34,0
DA:35,0
DA:36,0
DA:38,0
DA:39,0
DA:41,0
DA:42,0
DA:43,0
DA:44,0
DA:45,0
DA:46,0
DA:47,0
DA:48,0
DA:50,0
DA:54,0
DA:55,0
DA:59,0
DA:60,0
DA:62,0
DA:63,0
DA:68,0
DA:69,0
DA:70,0
DA:71,0
DA:73,0
DA:74,0
DA:75,0
DA:76,0
DA:83,0
DA:87,0
DA:88,0
DA:104,0
DA:105,0
DA:106,0
DA:107,0
LF:47
LH:0
BRDA:19,0,0,0
BRDA:19,0,1,0
BRDA:22,1,0,0
BRDA:22,1,1,0
BRDA:25,2,0,0
BRDA:25,2,1,0
BRDA:25,3,0,0
BRDA:25,3,1,0
BRDA:34,4,0,0
BRDA:34,4,1,0
BRDA:34,5,0,0
BRDA:34,5,1,0
BRDA:44,6,0,0
BRDA:44,6,1,0
BRDA:54,7,0,0
BRDA:54,7,1,0
BRDA:68,8,0,0
BRDA:68,8,1,0
BRDA:73,9,0,0
BRDA:73,9,1,0
BRDA:75,10,0,0
BRDA:75,10,1,0
BRDA:87,11,0,0
BRDA:87,11,1,0
BRDA:104,12,0,0
BRDA:104,12,1,0
BRDA:105,13,0,0
BRDA:105,13,1,0
BRDA:106,14,0,0
BRDA:106,14,1,0
BRDA:106,15,0,0
BRDA:106,15,1,0
BRDA:106,16,0,0
BRDA:106,16,1,0
BRDA:106,17,0,0
BRDA:106,17,1,0
BRDA:106,18,0,0
BRDA:106,18,1,0
BRF:38
BRH:0
end_of_record
TN:
SF:F:\云\v0.1.2offix\OFFIX\OFFIX_NODE_JS-0.1.1\src\components\project\index.vue
FN:1,(anonymous_0)
FN:12,_interopRequireDefault
FN:18,data
FN:64,projectSummary
FN:73,projectNameFocus
FN:78,projectNameBlur
FN:84,projectNameInput
FN:90,projectHeadFocus
FN:95,projectHeadBlur
FN:104,search
FN:111,addOreditProject
FN:119,(anonymous_11)
FN:128,(anonymous_12)
FN:141,popupSure
FN:160,(anonymous_14)
FN:163,(anonymous_15)
FN:170,(anonymous_16)
FN:173,(anonymous_17)
FN:185,popupCancel
FN:194,popupInit
FN:211,headChange
FN:217,(anonymous_21)
FN:223,(anonymous_22)
FN:234,staffChange
FN:240,getProjectList
FN:244,(anonymous_25)
FN:247,(anonymous_26)
FN:254,emailFocus
FN:262,getStaffList
FN:266,(anonymous_29)
FN:270,(anonymous_30)
FN:275,created
FN:406,render
FN:406,(anonymous_33)
FN:406,(anonymous_34)
FN:406,(anonymous_35)
FN:406,(anonymous_36)
FN:406,(anonymous_37)
FN:406,(anonymous_38)
FN:406,(anonymous_39)
FN:406,(anonymous_40)
FN:406,(anonymous_41)
FN:406,(anonymous_42)
FNF:43
FNH:0
FNDA:0,(anonymous_0)
FNDA:0,_interopRequireDefault
FNDA:0,data
FNDA:0,projectSummary
FNDA:0,projectNameFocus
FNDA:0,projectNameBlur
FNDA:0,projectNameInput
FNDA:0,projectHeadFocus
FNDA:0,projectHeadBlur
FNDA:0,search
FNDA:0,addOreditProject
FNDA:0,(anonymous_11)
FNDA:0,(anonymous_12)
FNDA:0,popupSure
FNDA:0,(anonymous_14)
FNDA:0,(anonymous_15)
FNDA:0,(anonymous_16)
FNDA:0,(anonymous_17)
FNDA:0,popupCancel
FNDA:0,popupInit
FNDA:0,headChange
FNDA:0,(anonymous_21)
FNDA:0,(anonymous_22)
FNDA:0,staffChange
FNDA:0,getProjectList
FNDA:0,(anonymous_25)
FNDA:0,(anonymous_26)
FNDA:0,emailFocus
FNDA:0,getStaffList
FNDA:0,(anonymous_29)
FNDA:0,(anonymous_30)
FNDA:0,created
FNDA:0,render
FNDA:0,(anonymous_33)
FNDA:0,(anonymous_34)
FNDA:0,(anonymous_35)
FNDA:0,(anonymous_36)
FNDA:0,(anonymous_37)
FNDA:0,(anonymous_38)
FNDA:0,(anonymous_39)
FNDA:0,(anonymous_40)
FNDA:0,(anonymous_41)
FNDA:0,(anonymous_42)
DA:1,0
DA:4,0
DA:8,0
DA:10,0
DA:12,0
DA:14,0
DA:19,0
DA:65,0
DA:66,0
DA:68,0
DA:74,0
DA:75,0
DA:79,0
DA:80,0
DA:81,0
DA:85,0
DA:86,0
DA:87,0
DA:91,0
DA:92,0
DA:96,0
DA:97,0
DA:98,0
DA:105,0
DA:106,0
DA:112,0
DA:114,0
DA:116,0
DA:117,0
DA:118,0
DA:119,0
DA:120,0
DA:121,0
DA:122,0
DA:123,0
DA:124,0
DA:125,0
DA:127,0
DA:129,0
DA:133,0
DA:136,0
DA:142,0
DA:144,0
DA:145,0
DA:147,0
DA:148,0
DA:150,0
DA:151,0
DA:153,0
DA:155,0
DA:156,0
DA:158,0
DA:160,0
DA:162,0
DA:164,0
DA:168,0
DA:170,0
DA:172,0
DA:174,0
DA:177,0
DA:178,0
DA:179,0
DA:186,0
DA:187,0
DA:188,0
DA:195,0
DA:196,0
DA:197,0
DA:198,0
DA:199,0
DA:200,0
DA:201,0
DA:202,0
DA:203,0
DA:204,0
DA:205,0
DA:206,0
DA:212,0
DA:213,0
DA:214,0
DA:216,0
DA:217,0
DA:218,0
DA:220,0
DA:221,0
DA:223,0
DA:224,0
DA:226,0
DA:227,0
DA:228,0
DA:235,0
DA:241,0
DA:243,0
DA:244,0
DA:245,0
DA:246,0
DA:248,0
DA:255,0
DA:256,0
DA:263,0
DA:265,0
DA:266,0
DA:267,0
DA:268,0
DA:271,0
DA:276,0
DA:277,0
DA:404,0
DA:405,0
DA:406,0
DA:407,0
LF:111
LH:0
BRDA:12,0,0,0
BRDA:12,0,1,0
BRDA:12,1,0,0
BRDA:12,1,1,0
BRDA:65,2,0,0
BRDA:65,2,1,0
BRDA:74,3,0,0
BRDA:74,3,1,0
BRDA:79,4,0,0
BRDA:79,4,1,0
BRDA:85,5,0,0
BRDA:85,5,1,0
BRDA:91,6,0,0
BRDA:91,6,1,0
BRDA:96,7,0,0
BRDA:96,7,1,0
BRDA:114,8,0,0
BRDA:114,8,1,0
BRDA:124,9,0,0
BRDA:124,9,1,0
BRDA:147,10,0,0
BRDA:147,10,1,0
BRDA:150,11,0,0
BRDA:150,11,1,0
BRDA:153,12,0,0
BRDA:153,12,1,0
BRDA:153,13,0,0
BRDA:153,13,1,0
BRDA:156,14,0,0
BRDA:156,14,1,0
BRDA:177,15,0,0
BRDA:177,15,1,0
BRDA:186,16,0,0
BRDA:186,16,1,0
BRDA:212,17,0,0
BRDA:212,17,1,0
BRDA:220,18,0,0
BRDA:220,18,1,0
BRDA:227,19,0,0
BRDA:227,19,1,0
BRDA:255,20,0,0
BRDA:255,20,1,0
BRDA:404,21,0,0
BRDA:404,21,1,0
BRDA:405,22,0,0
BRDA:405,22,1,0
BRDA:406,23,0,0
BRDA:406,23,1,0
BRDA:406,24,0,0
BRDA:406,24,1,0
BRDA:406,25,0,0
BRDA:406,25,1,0
BRDA:406,26,0,0
BRDA:406,26,1,0
BRF:54
BRH:0
end_of_record
TN:
SF:F:\云\v0.1.2offix\OFFIX\OFFIX_NODE_JS-0.1.1\src\components\staffEnter\index.vue
FN:1,(anonymous_0)
FN:16,_interopRequireDefault
FN:22,data
FN:48,search
FN:55,addStaff
FN:61,editStaff
FN:66,(anonymous_6)
FN:82,numberFocus
FN:90,numberBlur
FN:96,numberInput
FN:108,jobFocus
FN:116,jobBlur
FN:126,jobChange
FN:132,popupSure
FN:155,(anonymous_14)
FN:159,(anonymous_15)
FN:198,(anonymous_16)
FN:235,(anonymous_17)
FN:237,(anonymous_18)
FN:249,popupCancel
FN:260,getStaffList
FN:264,(anonymous_21)
FN:268,(anonymous_22)
FN:275,emailFocus
FN:285,emailBlur
FN:297,emailInput
FN:303,getJob
FN:307,(anonymous_27)
FN:313,created
FN:478,render
FN:478,(anonymous_30)
FN:478,(anonymous_31)
FN:478,(anonymous_32)
FN:478,(anonymous_33)
FN:478,(anonymous_34)
FN:478,(anonymous_35)
FN:478,(anonymous_36)
FN:478,(anonymous_37)
FN:478,(anonymous_38)
FN:478,(anonymous_39)
FN:478,(anonymous_40)
FN:478,(anonymous_41)
FN:478,(anonymous_42)
FN:478,(anonymous_43)
FN:478,(anonymous_44)
FNF:45
FNH:0
FNDA:0,(anonymous_0)
FNDA:0,_interopRequireDefault
FNDA:0,data
FNDA:0,search
FNDA:0,addStaff
FNDA:0,editStaff
FNDA:0,(anonymous_6)
FNDA:0,numberFocus
FNDA:0,numberBlur
FNDA:0,numberInput
FNDA:0,jobFocus
FNDA:0,jobBlur
FNDA:0,jobChange
FNDA:0,popupSure
FNDA:0,(anonymous_14)
FNDA:0,(anonymous_15)
FNDA:0,(anonymous_16)
FNDA:0,(anonymous_17)
FNDA:0,(anonymous_18)
FNDA:0,popupCancel
FNDA:0,getStaffList
FNDA:0,(anonymous_21)
FNDA:0,(anonymous_22)
FNDA:0,emailFocus
FNDA:0,emailBlur
FNDA:0,emailInput
FNDA:0,getJob
FNDA:0,(anonymous_27)
FNDA:0,created
FNDA:0,render
FNDA:0,(anonymous_30)
FNDA:0,(anonymous_31)
FNDA:0,(anonymous_32)
FNDA:0,(anonymous_33)
FNDA:0,(anonymous_34)
FNDA:0,(anonymous_35)
FNDA:0,(anonymous_36)
FNDA:0,(anonymous_37)
FNDA:0,(anonymous_38)
FNDA:0,(anonymous_39)
FNDA:0,(anonymous_40)
FNDA:0,(anonymous_41)
FNDA:0,(anonymous_42)
FNDA:0,(anonymous_43)
FNDA:0,(anonymous_44)
DA:1,0
DA:4,0
DA:8,0
DA:10,0
DA:12,0
DA:14,0
DA:16,0
DA:18,0
DA:23,0
DA:49,0
DA:50,0
DA:56,0
DA:62,0
DA:64,0
DA:65,0
DA:66,0
DA:68,0
DA:69,0
DA:70,0
DA:71,0
DA:72,0
DA:73,0
DA:74,0
DA:75,0
DA:76,0
DA:83,0
DA:84,0
DA:91,0
DA:97,0
DA:98,0
DA:99,0
DA:100,0
DA:102,0
DA:109,0
DA:110,0
DA:117,0
DA:118,0
DA:120,0
DA:127,0
DA:133,0
DA:135,0
DA:136,0
DA:138,0
DA:139,0
DA:141,0
DA:144,0
DA:145,0
DA:147,0
DA:150,0
DA:152,0
DA:154,0
DA:155,0
DA:156,0
DA:157,0
DA:160,0
DA:164,0
DA:165,0
DA:166,0
DA:167,0
DA:168,0
DA:170,0
DA:171,0
DA:172,0
DA:174,0
DA:175,0
DA:176,0
DA:180,0
DA:181,0
DA:183,0
DA:184,0
DA:185,0
DA:188,0
DA:189,0
DA:194,0
DA:196,0
DA:198,0
DA:200,0
DA:203,0
DA:204,0
DA:205,0
DA:206,0
DA:208,0
DA:209,0
DA:210,0
DA:213,0
DA:214,0
DA:218,0
DA:219,0
DA:221,0
DA:222,0
DA:223,0
DA:226,0
DA:227,0
DA:232,0
DA:233,0
DA:234,0
DA:235,0
DA:236,0
DA:238,0
DA:241,0
DA:243,0
DA:250,0
DA:251,0
DA:253,0
DA:254,0
DA:261,0
DA:263,0
DA:264,0
DA:265,0
DA:266,0
DA:269,0
DA:276,0
DA:277,0
DA:278,0
DA:280,0
DA:286,0
DA:287,0
DA:288,0
DA:290,0
DA:292,0
DA:298,0
DA:299,0
DA:304,0
DA:306,0
DA:307,0
DA:308,0
DA:314,0
DA:315,0
DA:476,0
DA:477,0
DA:478,0
DA:479,0
LF:132
LH:0
BRDA:16,0,0,0
BRDA:16,0,1,0
BRDA:16,1,0,0
BRDA:16,1,1,0
BRDA:75,2,0,0
BRDA:75,2,1,0
BRDA:83,3,0,0
BRDA:83,3,1,0
BRDA:99,4,0,0
BRDA:99,4,1,0
BRDA:109,5,0,0
BRDA:109,5,1,0
BRDA:117,6,0,0
BRDA:117,6,1,0
BRDA:117,7,0,0
BRDA:117,7,1,0
BRDA:138,8,0,0
BRDA:138,8,1,0
BRDA:144,9,0,0
BRDA:144,9,1,0
BRDA:150,10,0,0
BRDA:150,10,1,0
BRDA:150,11,0,0
BRDA:150,11,1,0
BRDA:152,12,0,0
BRDA:152,12,1,0
BRDA:174,13,0,0
BRDA:174,13,1,0
BRDA:184,14,0,0
BRDA:184,14,1,0
BRDA:184,15,0,0
BRDA:184,15,1,0
BRDA:188,16,0,0
BRDA:188,16,1,0
BRDA:196,17,0,0
BRDA:196,17,1,0
BRDA:203,18,0,0
BRDA:203,18,1,0
BRDA:213,19,0,0
BRDA:213,19,1,0
BRDA:213,20,0,0
BRDA:213,20,1,0
BRDA:222,21,0,0
BRDA:222,21,1,0
BRDA:222,22,0,0
BRDA:222,22,1,0
BRDA:226,23,0,0
BRDA:226,23,1,0
BRDA:232,24,0,0
BRDA:232,24,1,0
BRDA:250,25,0,0
BRDA:250,25,1,0
BRDA:276,26,0,0
BRDA:276,26,1,0
BRDA:277,27,0,0
BRDA:277,27,1,0
BRDA:287,28,0,0
BRDA:287,28,1,0
BRDA:287,29,0,0
BRDA:287,29,1,0
BRDA:298,30,0,0
BRDA:298,30,1,0
BRDA:476,31,0,0
BRDA:476,31,1,0
BRDA:477,32,0,0
BRDA:477,32,1,0
BRDA:478,33,0,0
BRDA:478,33,1,0
BRDA:478,34,0,0
BRDA:478,34,1,0
BRDA:478,35,0,0
BRDA:478,35,1,0
BRDA:478,36,0,0
BRDA:478,36,1,0
BRDA:478,37,0,0
BRDA:478,37,1,0
BRDA:478,38,0,0
BRDA:478,38,1,0
BRF:78
BRH:0
end_of_record
